<?xml version="1.0" encoding="UTF-8"?>
<testsuites name="short link tests" time="60.966" tests="3" failures="3" errors="0">
   <testsuite name="short link tests" tests="3" failures="3" errors="0" time="60.966" timestamp="2020-09-17 12:25:04" hostname="x - DESKTOP-S0L1J4E" id="Test Suites/short link tests">
      <properties>
         <property name="deviceName" value=""/>
         <property name="devicePlatform" value=""/>
         <property name="logFolder" value="C:\\Users\\x\\git\\Jira_Glass_1.4_Version_Testing\\Reports\\20200917_122457\\short link tests\\20200917_122457"/>
         <property name="logFiles" value="C:\\Users\\x\\git\\Jira_Glass_1.4_Version_Testing\\Reports\\20200917_122457\\short link tests\\20200917_122457\\execution0.log"/>
         <property name="attachments" value=""/>
         <property name="hostName" value="x - DESKTOP-S0L1J4E"/>
         <property name="os" value="Windows 10 64bit"/>
         <property name="katalonVersion" value="7.6.6.205"/>
         <property name="browser" value="Chrome 85.0.4183.102"/>
         <property name="hostAddress" value="192.168.56.1"/>
         <property name="sessionId" value="d719b92fdecfcfebcd2e1dd618b27d25"/>
         <property name="seleniumVersion" value="3.141.59"/>
         <property name="proxyInformation" value="ProxyInformation { proxyOption=NO_PROXY, proxyServerType=HTTP, username=, password=********, proxyServerAddress=, proxyServerPort=0, executionList=&quot;&quot;, isApplyToDesiredCapabilities=true }"/>
         <property name="platform" value="Windows 10"/>
      </properties>
      <testcase name="Test Cases/InProgress/WorkflowAnalysisPostFunctionsText" time="21.465" classname="Test Cases/InProgress/WorkflowAnalysisPostFunctionsText" status="FAILED">
         <failure type="FAILED" message="Test Cases/InProgress/WorkflowAnalysisPostFunctionsText FAILED.
Reason:
com.kms.katalon.core.exception.StepFailedException: .
Expected: equals to 3.
Actual: 3
	at com.kms.katalon.core.util.KeywordUtil.markFailedAndStop(KeywordUtil.java:28)
	at com.kms.katalon.core.util.KeywordUtil$markFailedAndStop$0.call(Unknown Source)
	at kms.turing.katalon.plugins.assertj.GenericAssert.handleError(GenericAssert.groovy:71)
	at kms.turing.katalon.plugins.assertj.GenericAssert.handleError(GenericAssert.groovy:85)
	at kms.turing.katalon.plugins.assertj.NumberAssert.equals(NumberAssert.groovy:195)
	at kms.turing.katalon.plugins.assertj.NumberAssert.equals(NumberAssert.groovy)
	at kms.turing.katalon.plugins.assertj.GenericAssert.invokeMethod(GenericAssert.groovy)
	at com.kms.katalon.core.main.CustomKeywordDelegatingMetaClass.invokeStaticMethod(CustomKeywordDelegatingMetaClass.java:50)
	at WorkflowAnalysisPostFunctionsText.run(WorkflowAnalysisPostFunctionsText:31)
	at com.kms.katalon.core.main.ScriptEngine.run(ScriptEngine.java:194)
	at com.kms.katalon.core.main.ScriptEngine.runScriptAsRawText(ScriptEngine.java:119)
	at com.kms.katalon.core.main.TestCaseExecutor.runScript(TestCaseExecutor.java:339)
	at com.kms.katalon.core.main.TestCaseExecutor.doExecute(TestCaseExecutor.java:330)
	at com.kms.katalon.core.main.TestCaseExecutor.processExecutionPhase(TestCaseExecutor.java:309)
	at com.kms.katalon.core.main.TestCaseExecutor.accessMainPhase(TestCaseExecutor.java:301)
	at com.kms.katalon.core.main.TestCaseExecutor.execute(TestCaseExecutor.java:235)
	at com.kms.katalon.core.main.TestSuiteExecutor.accessTestCaseMainPhase(TestSuiteExecutor.java:191)
	at com.kms.katalon.core.main.TestSuiteExecutor.accessTestSuiteMainPhase(TestSuiteExecutor.java:141)
	at com.kms.katalon.core.main.TestSuiteExecutor.execute(TestSuiteExecutor.java:90)
	at com.kms.katalon.core.main.TestCaseMain.startTestSuite(TestCaseMain.java:157)
	at com.kms.katalon.core.main.TestCaseMain$startTestSuite$0.call(Unknown Source)
	at TempTestSuite1600338297299.run(TempTestSuite1600338297299.groovy:39)
"/>
         <system-out><![CDATA[2020-09-17 12:25:04 - [TEST_CASE][FAILED] - Test Cases/InProgress/WorkflowAnalysisPostFunctionsText: Test Cases/InProgress/WorkflowAnalysisPostFunctionsText FAILED.
Reason:
com.kms.katalon.core.exception.StepFailedException: .
Expected: equals to 3.
Actual: 3
	at com.kms.katalon.core.util.KeywordUtil.markFailedAndStop(KeywordUtil.java:28)
	at com.kms.katalon.core.util.KeywordUtil$markFailedAndStop$0.call(Unknown Source)
	at kms.turing.katalon.plugins.assertj.GenericAssert.handleError(GenericAssert.groovy:71)
	at kms.turing.katalon.plugins.assertj.GenericAssert.handleError(GenericAssert.groovy:85)
	at kms.turing.katalon.plugins.assertj.NumberAssert.equals(NumberAssert.groovy:195)
	at kms.turing.katalon.plugins.assertj.NumberAssert.equals(NumberAssert.groovy)
	at kms.turing.katalon.plugins.assertj.GenericAssert.invokeMethod(GenericAssert.groovy)
	at com.kms.katalon.core.main.CustomKeywordDelegatingMetaClass.invokeStaticMethod(CustomKeywordDelegatingMetaClass.java:50)
	at WorkflowAnalysisPostFunctionsText.run(WorkflowAnalysisPostFunctionsText:31)
	at com.kms.katalon.core.main.ScriptEngine.run(ScriptEngine.java:194)
	at com.kms.katalon.core.main.ScriptEngine.runScriptAsRawText(ScriptEngine.java:119)
	at com.kms.katalon.core.main.TestCaseExecutor.runScript(TestCaseExecutor.java:339)
	at com.kms.katalon.core.main.TestCaseExecutor.doExecute(TestCaseExecutor.java:330)
	at com.kms.katalon.core.main.TestCaseExecutor.processExecutionPhase(TestCaseExecutor.java:309)
	at com.kms.katalon.core.main.TestCaseExecutor.accessMainPhase(TestCaseExecutor.java:301)
	at com.kms.katalon.core.main.TestCaseExecutor.execute(TestCaseExecutor.java:235)
	at com.kms.katalon.core.main.TestSuiteExecutor.accessTestCaseMainPhase(TestSuiteExecutor.java:191)
	at com.kms.katalon.core.main.TestSuiteExecutor.accessTestSuiteMainPhase(TestSuiteExecutor.java:141)
	at com.kms.katalon.core.main.TestSuiteExecutor.execute(TestSuiteExecutor.java:90)
	at com.kms.katalon.core.main.TestCaseMain.startTestSuite(TestCaseMain.java:157)
	at com.kms.katalon.core.main.TestCaseMain$startTestSuite$0.call(Unknown Source)
	at TempTestSuite1600338297299.run(TempTestSuite1600338297299.groovy:39)


2020-09-17 12:25:05 - [TEST_STEP][PASSED] - postFunctionText = new com.kms.katalon.core.testobject.TestObject(postFunctionText): null

2020-09-17 12:25:05 - [TEST_STEP][PASSED] - postFunctionText.addProperty("xpath", EQUALS, rowXpath): null

2020-09-17 12:25:05 - [TEST_STEP][PASSED] - topTestKeywords.Login.openBrowser(): topTestKeywords.Login.openBrowser is PASSED

2020-09-17 12:25:06 - [MESSAGE][INFO] - Starting 'Chrome' driver

2020-09-17 12:25:06 - [MESSAGE][INFO] - Action delay is set to 0 milliseconds

2020-09-17 12:25:10 - [MESSAGE][PASSED] - Browser is opened with url: ''

2020-09-17 12:25:12 - [MESSAGE][PASSED] - Current window maximized

2020-09-17 12:25:14 - [MESSAGE][PASSED] - Navigate to 'https://jira2.codecool.codecanvas.hu' successfully

2020-09-17 12:25:14 - [MESSAGE][PASSED] - topTestKeywords.Login.openBrowser is PASSED

2020-09-17 12:25:14 - [TEST_STEP][PASSED] - topTestKeywords.Login.loginAsUser(SystemAdminUsername, SystemAdminPassword): topTestKeywords.Login.loginAsUser is PASSED

2020-09-17 12:25:15 - [MESSAGE][PASSED] - Text 'codecooladmin' is set on object 'Object Repository/Page_System Dashboard - Jira/Username Field'

2020-09-17 12:25:15 - [MESSAGE][PASSED] - Text '2019Aprilis1' is set on object 'Object Repository/Page_System Dashboard - Jira/Password Field'

2020-09-17 12:25:16 - [MESSAGE][PASSED] - Object: 'Object Repository/Page_System Dashboard - Jira/Login Button' is clicked on

2020-09-17 12:25:19 - [MESSAGE][PASSED] - Object 'Object Repository/Page_System Dashboard - Jira/User Avatar' is visible

2020-09-17 12:25:19 - [MESSAGE][PASSED] - topTestKeywords.Login.loginAsUser is PASSED

2020-09-17 12:25:19 - [TEST_STEP][PASSED] - topTestKeywords.Login.goToTheWorkflow(timeout): topTestKeywords.Login.goToTheWorkflow is PASSED

2020-09-17 12:25:22 - [MESSAGE][PASSED] - Navigate to 'https://jira2.codecool.codecanvas.hu/projects/TWT?selectedItem=com.codecanvas.glass:glass' successfully

2020-09-17 12:25:23 - [MESSAGE][PASSED] - Object 'Object Repository/Page_ToP Week6 Test - Jira/Issue Dropdown' is visible

2020-09-17 12:25:23 - [MESSAGE][PASSED] - Object: 'Object Repository/Page_ToP Week6 Test - Jira/Issue Dropdown' is clicked on

2020-09-17 12:25:24 - [MESSAGE][PASSED] - Object 'Object Repository/Page_ToP Week6 Test - Jira/Issue Type' is visible

2020-09-17 12:25:24 - [MESSAGE][PASSED] - Object: 'Object Repository/Page_ToP Week6 Test - Jira/Issue Type' is clicked on

2020-09-17 12:25:25 - [MESSAGE][PASSED] - Object 'Object Repository/Project Workflow/WorkflowTransitionsTitle' is visible

2020-09-17 12:25:25 - [MESSAGE][PASSED] - topTestKeywords.Login.goToTheWorkflow is PASSED

2020-09-17 12:25:25 - [TEST_STEP][PASSED] - click(postFunctionText): Object: 'postFunctionText' is clicked on

2020-09-17 12:25:26 - [MESSAGE][PASSED] - Object: 'postFunctionText' is clicked on

2020-09-17 12:25:26 - [TEST_STEP][FAILED] - kms.turing.katalon.plugins.assertj.NumberAssert.equals(topTestKeywords.Login.getWebElementsAsListSize(xpath), expectedNumber, ""): .
Expected: equals to 3.
Actual: 3

2020-09-17 12:25:26 - [MESSAGE][PASSED] - topTestKeywords.Login.getWebElementsAsListSize is PASSED

2020-09-17 12:25:26 - [MESSAGE][INFO] - 

2020-09-17 12:25:26 - [MESSAGE][FAILED] - .
Expected: equals to 3.
Actual: 3]]></system-out>
         <system-err><![CDATA[2020-09-17 12:25:04 - [TEST_CASE][FAILED] - Test Cases/InProgress/WorkflowAnalysisPostFunctionsText: Test Cases/InProgress/WorkflowAnalysisPostFunctionsText FAILED.
Reason:
com.kms.katalon.core.exception.StepFailedException: .
Expected: equals to 3.
Actual: 3
	at com.kms.katalon.core.util.KeywordUtil.markFailedAndStop(KeywordUtil.java:28)
	at com.kms.katalon.core.util.KeywordUtil$markFailedAndStop$0.call(Unknown Source)
	at kms.turing.katalon.plugins.assertj.GenericAssert.handleError(GenericAssert.groovy:71)
	at kms.turing.katalon.plugins.assertj.GenericAssert.handleError(GenericAssert.groovy:85)
	at kms.turing.katalon.plugins.assertj.NumberAssert.equals(NumberAssert.groovy:195)
	at kms.turing.katalon.plugins.assertj.NumberAssert.equals(NumberAssert.groovy)
	at kms.turing.katalon.plugins.assertj.GenericAssert.invokeMethod(GenericAssert.groovy)
	at com.kms.katalon.core.main.CustomKeywordDelegatingMetaClass.invokeStaticMethod(CustomKeywordDelegatingMetaClass.java:50)
	at WorkflowAnalysisPostFunctionsText.run(WorkflowAnalysisPostFunctionsText:31)
	at com.kms.katalon.core.main.ScriptEngine.run(ScriptEngine.java:194)
	at com.kms.katalon.core.main.ScriptEngine.runScriptAsRawText(ScriptEngine.java:119)
	at com.kms.katalon.core.main.TestCaseExecutor.runScript(TestCaseExecutor.java:339)
	at com.kms.katalon.core.main.TestCaseExecutor.doExecute(TestCaseExecutor.java:330)
	at com.kms.katalon.core.main.TestCaseExecutor.processExecutionPhase(TestCaseExecutor.java:309)
	at com.kms.katalon.core.main.TestCaseExecutor.accessMainPhase(TestCaseExecutor.java:301)
	at com.kms.katalon.core.main.TestCaseExecutor.execute(TestCaseExecutor.java:235)
	at com.kms.katalon.core.main.TestSuiteExecutor.accessTestCaseMainPhase(TestSuiteExecutor.java:191)
	at com.kms.katalon.core.main.TestSuiteExecutor.accessTestSuiteMainPhase(TestSuiteExecutor.java:141)
	at com.kms.katalon.core.main.TestSuiteExecutor.execute(TestSuiteExecutor.java:90)
	at com.kms.katalon.core.main.TestCaseMain.startTestSuite(TestCaseMain.java:157)
	at com.kms.katalon.core.main.TestCaseMain$startTestSuite$0.call(Unknown Source)
	at TempTestSuite1600338297299.run(TempTestSuite1600338297299.groovy:39)]]></system-err>
      </testcase>
      <testcase name="Test Cases/InProgress/WorkflowAnalysisPostFunctionsText" time="19.875" classname="Test Cases/InProgress/WorkflowAnalysisPostFunctionsText" status="FAILED">
         <failure type="FAILED" message="Test Cases/InProgress/WorkflowAnalysisPostFunctionsText FAILED.
Reason:
com.kms.katalon.core.exception.StepFailedException: .
Expected: equals to 5.
Actual: 5
	at com.kms.katalon.core.util.KeywordUtil.markFailedAndStop(KeywordUtil.java:28)
	at com.kms.katalon.core.util.KeywordUtil$markFailedAndStop$0.call(Unknown Source)
	at kms.turing.katalon.plugins.assertj.GenericAssert.handleError(GenericAssert.groovy:71)
	at kms.turing.katalon.plugins.assertj.GenericAssert.handleError(GenericAssert.groovy:85)
	at kms.turing.katalon.plugins.assertj.NumberAssert.equals(NumberAssert.groovy:195)
	at kms.turing.katalon.plugins.assertj.NumberAssert.equals(NumberAssert.groovy)
	at kms.turing.katalon.plugins.assertj.GenericAssert.invokeMethod(GenericAssert.groovy)
	at com.kms.katalon.core.main.CustomKeywordDelegatingMetaClass.invokeStaticMethod(CustomKeywordDelegatingMetaClass.java:50)
	at WorkflowAnalysisPostFunctionsText.run(WorkflowAnalysisPostFunctionsText:31)
	at com.kms.katalon.core.main.ScriptEngine.run(ScriptEngine.java:194)
	at com.kms.katalon.core.main.ScriptEngine.runScriptAsRawText(ScriptEngine.java:119)
	at com.kms.katalon.core.main.TestCaseExecutor.runScript(TestCaseExecutor.java:339)
	at com.kms.katalon.core.main.TestCaseExecutor.doExecute(TestCaseExecutor.java:330)
	at com.kms.katalon.core.main.TestCaseExecutor.processExecutionPhase(TestCaseExecutor.java:309)
	at com.kms.katalon.core.main.TestCaseExecutor.accessMainPhase(TestCaseExecutor.java:301)
	at com.kms.katalon.core.main.TestCaseExecutor.execute(TestCaseExecutor.java:235)
	at com.kms.katalon.core.main.TestSuiteExecutor.accessTestCaseMainPhase(TestSuiteExecutor.java:191)
	at com.kms.katalon.core.main.TestSuiteExecutor.accessTestSuiteMainPhase(TestSuiteExecutor.java:141)
	at com.kms.katalon.core.main.TestSuiteExecutor.execute(TestSuiteExecutor.java:90)
	at com.kms.katalon.core.main.TestCaseMain.startTestSuite(TestCaseMain.java:157)
	at com.kms.katalon.core.main.TestCaseMain$startTestSuite$0.call(Unknown Source)
	at TempTestSuite1600338297299.run(TempTestSuite1600338297299.groovy:39)
"/>
         <system-out><![CDATA[2020-09-17 12:25:26 - [TEST_CASE][FAILED] - Test Cases/InProgress/WorkflowAnalysisPostFunctionsText: Test Cases/InProgress/WorkflowAnalysisPostFunctionsText FAILED.
Reason:
com.kms.katalon.core.exception.StepFailedException: .
Expected: equals to 5.
Actual: 5
	at com.kms.katalon.core.util.KeywordUtil.markFailedAndStop(KeywordUtil.java:28)
	at com.kms.katalon.core.util.KeywordUtil$markFailedAndStop$0.call(Unknown Source)
	at kms.turing.katalon.plugins.assertj.GenericAssert.handleError(GenericAssert.groovy:71)
	at kms.turing.katalon.plugins.assertj.GenericAssert.handleError(GenericAssert.groovy:85)
	at kms.turing.katalon.plugins.assertj.NumberAssert.equals(NumberAssert.groovy:195)
	at kms.turing.katalon.plugins.assertj.NumberAssert.equals(NumberAssert.groovy)
	at kms.turing.katalon.plugins.assertj.GenericAssert.invokeMethod(GenericAssert.groovy)
	at com.kms.katalon.core.main.CustomKeywordDelegatingMetaClass.invokeStaticMethod(CustomKeywordDelegatingMetaClass.java:50)
	at WorkflowAnalysisPostFunctionsText.run(WorkflowAnalysisPostFunctionsText:31)
	at com.kms.katalon.core.main.ScriptEngine.run(ScriptEngine.java:194)
	at com.kms.katalon.core.main.ScriptEngine.runScriptAsRawText(ScriptEngine.java:119)
	at com.kms.katalon.core.main.TestCaseExecutor.runScript(TestCaseExecutor.java:339)
	at com.kms.katalon.core.main.TestCaseExecutor.doExecute(TestCaseExecutor.java:330)
	at com.kms.katalon.core.main.TestCaseExecutor.processExecutionPhase(TestCaseExecutor.java:309)
	at com.kms.katalon.core.main.TestCaseExecutor.accessMainPhase(TestCaseExecutor.java:301)
	at com.kms.katalon.core.main.TestCaseExecutor.execute(TestCaseExecutor.java:235)
	at com.kms.katalon.core.main.TestSuiteExecutor.accessTestCaseMainPhase(TestSuiteExecutor.java:191)
	at com.kms.katalon.core.main.TestSuiteExecutor.accessTestSuiteMainPhase(TestSuiteExecutor.java:141)
	at com.kms.katalon.core.main.TestSuiteExecutor.execute(TestSuiteExecutor.java:90)
	at com.kms.katalon.core.main.TestCaseMain.startTestSuite(TestCaseMain.java:157)
	at com.kms.katalon.core.main.TestCaseMain$startTestSuite$0.call(Unknown Source)
	at TempTestSuite1600338297299.run(TempTestSuite1600338297299.groovy:39)


2020-09-17 12:25:26 - [TEST_STEP][PASSED] - postFunctionText = new com.kms.katalon.core.testobject.TestObject(postFunctionText): null

2020-09-17 12:25:26 - [TEST_STEP][PASSED] - postFunctionText.addProperty("xpath", EQUALS, rowXpath): null

2020-09-17 12:25:26 - [TEST_STEP][PASSED] - topTestKeywords.Login.openBrowser(): topTestKeywords.Login.openBrowser is PASSED

2020-09-17 12:25:26 - [MESSAGE][WARNING] - A browser is already opened. Closing browser and opening a new one

2020-09-17 12:25:27 - [MESSAGE][INFO] - Starting 'Chrome' driver

2020-09-17 12:25:27 - [MESSAGE][INFO] - Action delay is set to 0 milliseconds

2020-09-17 12:25:30 - [MESSAGE][PASSED] - Browser is opened with url: ''

2020-09-17 12:25:32 - [MESSAGE][PASSED] - Current window maximized

2020-09-17 12:25:34 - [MESSAGE][PASSED] - Navigate to 'https://jira2.codecool.codecanvas.hu' successfully

2020-09-17 12:25:34 - [MESSAGE][PASSED] - topTestKeywords.Login.openBrowser is PASSED

2020-09-17 12:25:34 - [TEST_STEP][PASSED] - topTestKeywords.Login.loginAsUser(SystemAdminUsername, SystemAdminPassword): topTestKeywords.Login.loginAsUser is PASSED

2020-09-17 12:25:35 - [MESSAGE][PASSED] - Text 'codecooladmin' is set on object 'Object Repository/Page_System Dashboard - Jira/Username Field'

2020-09-17 12:25:36 - [MESSAGE][PASSED] - Text '2019Aprilis1' is set on object 'Object Repository/Page_System Dashboard - Jira/Password Field'

2020-09-17 12:25:36 - [MESSAGE][PASSED] - Object: 'Object Repository/Page_System Dashboard - Jira/Login Button' is clicked on

2020-09-17 12:25:39 - [MESSAGE][PASSED] - Object 'Object Repository/Page_System Dashboard - Jira/User Avatar' is visible

2020-09-17 12:25:39 - [MESSAGE][PASSED] - topTestKeywords.Login.loginAsUser is PASSED

2020-09-17 12:25:39 - [TEST_STEP][PASSED] - topTestKeywords.Login.goToTheWorkflow(timeout): topTestKeywords.Login.goToTheWorkflow is PASSED

2020-09-17 12:25:42 - [MESSAGE][PASSED] - Navigate to 'https://jira2.codecool.codecanvas.hu/projects/TWT?selectedItem=com.codecanvas.glass:glass' successfully

2020-09-17 12:25:43 - [MESSAGE][PASSED] - Object 'Object Repository/Page_ToP Week6 Test - Jira/Issue Dropdown' is visible

2020-09-17 12:25:43 - [MESSAGE][PASSED] - Object: 'Object Repository/Page_ToP Week6 Test - Jira/Issue Dropdown' is clicked on

2020-09-17 12:25:44 - [MESSAGE][PASSED] - Object 'Object Repository/Page_ToP Week6 Test - Jira/Issue Type' is visible

2020-09-17 12:25:44 - [MESSAGE][PASSED] - Object: 'Object Repository/Page_ToP Week6 Test - Jira/Issue Type' is clicked on

2020-09-17 12:25:45 - [MESSAGE][PASSED] - Object 'Object Repository/Project Workflow/WorkflowTransitionsTitle' is visible

2020-09-17 12:25:45 - [MESSAGE][PASSED] - topTestKeywords.Login.goToTheWorkflow is PASSED

2020-09-17 12:25:45 - [TEST_STEP][PASSED] - click(postFunctionText): Object: 'postFunctionText' is clicked on

2020-09-17 12:25:46 - [MESSAGE][PASSED] - Object: 'postFunctionText' is clicked on

2020-09-17 12:25:46 - [TEST_STEP][FAILED] - kms.turing.katalon.plugins.assertj.NumberAssert.equals(topTestKeywords.Login.getWebElementsAsListSize(xpath), expectedNumber, ""): .
Expected: equals to 5.
Actual: 5

2020-09-17 12:25:46 - [MESSAGE][PASSED] - topTestKeywords.Login.getWebElementsAsListSize is PASSED

2020-09-17 12:25:46 - [MESSAGE][INFO] - 

2020-09-17 12:25:46 - [MESSAGE][FAILED] - .
Expected: equals to 5.
Actual: 5]]></system-out>
         <system-err><![CDATA[2020-09-17 12:25:26 - [TEST_CASE][FAILED] - Test Cases/InProgress/WorkflowAnalysisPostFunctionsText: Test Cases/InProgress/WorkflowAnalysisPostFunctionsText FAILED.
Reason:
com.kms.katalon.core.exception.StepFailedException: .
Expected: equals to 5.
Actual: 5
	at com.kms.katalon.core.util.KeywordUtil.markFailedAndStop(KeywordUtil.java:28)
	at com.kms.katalon.core.util.KeywordUtil$markFailedAndStop$0.call(Unknown Source)
	at kms.turing.katalon.plugins.assertj.GenericAssert.handleError(GenericAssert.groovy:71)
	at kms.turing.katalon.plugins.assertj.GenericAssert.handleError(GenericAssert.groovy:85)
	at kms.turing.katalon.plugins.assertj.NumberAssert.equals(NumberAssert.groovy:195)
	at kms.turing.katalon.plugins.assertj.NumberAssert.equals(NumberAssert.groovy)
	at kms.turing.katalon.plugins.assertj.GenericAssert.invokeMethod(GenericAssert.groovy)
	at com.kms.katalon.core.main.CustomKeywordDelegatingMetaClass.invokeStaticMethod(CustomKeywordDelegatingMetaClass.java:50)
	at WorkflowAnalysisPostFunctionsText.run(WorkflowAnalysisPostFunctionsText:31)
	at com.kms.katalon.core.main.ScriptEngine.run(ScriptEngine.java:194)
	at com.kms.katalon.core.main.ScriptEngine.runScriptAsRawText(ScriptEngine.java:119)
	at com.kms.katalon.core.main.TestCaseExecutor.runScript(TestCaseExecutor.java:339)
	at com.kms.katalon.core.main.TestCaseExecutor.doExecute(TestCaseExecutor.java:330)
	at com.kms.katalon.core.main.TestCaseExecutor.processExecutionPhase(TestCaseExecutor.java:309)
	at com.kms.katalon.core.main.TestCaseExecutor.accessMainPhase(TestCaseExecutor.java:301)
	at com.kms.katalon.core.main.TestCaseExecutor.execute(TestCaseExecutor.java:235)
	at com.kms.katalon.core.main.TestSuiteExecutor.accessTestCaseMainPhase(TestSuiteExecutor.java:191)
	at com.kms.katalon.core.main.TestSuiteExecutor.accessTestSuiteMainPhase(TestSuiteExecutor.java:141)
	at com.kms.katalon.core.main.TestSuiteExecutor.execute(TestSuiteExecutor.java:90)
	at com.kms.katalon.core.main.TestCaseMain.startTestSuite(TestCaseMain.java:157)
	at com.kms.katalon.core.main.TestCaseMain$startTestSuite$0.call(Unknown Source)
	at TempTestSuite1600338297299.run(TempTestSuite1600338297299.groovy:39)]]></system-err>
      </testcase>
      <testcase name="Test Cases/InProgress/WorkflowAnalysisPostFunctionsText" time="18.301" classname="Test Cases/InProgress/WorkflowAnalysisPostFunctionsText" status="FAILED">
         <failure type="FAILED" message="Test Cases/InProgress/WorkflowAnalysisPostFunctionsText FAILED.
Reason:
com.kms.katalon.core.exception.StepFailedException: .
Expected: equals to 6.
Actual: 6
	at com.kms.katalon.core.util.KeywordUtil.markFailedAndStop(KeywordUtil.java:28)
	at com.kms.katalon.core.util.KeywordUtil$markFailedAndStop$0.call(Unknown Source)
	at kms.turing.katalon.plugins.assertj.GenericAssert.handleError(GenericAssert.groovy:71)
	at kms.turing.katalon.plugins.assertj.GenericAssert.handleError(GenericAssert.groovy:85)
	at kms.turing.katalon.plugins.assertj.NumberAssert.equals(NumberAssert.groovy:195)
	at kms.turing.katalon.plugins.assertj.NumberAssert.equals(NumberAssert.groovy)
	at kms.turing.katalon.plugins.assertj.GenericAssert.invokeMethod(GenericAssert.groovy)
	at com.kms.katalon.core.main.CustomKeywordDelegatingMetaClass.invokeStaticMethod(CustomKeywordDelegatingMetaClass.java:50)
	at WorkflowAnalysisPostFunctionsText.run(WorkflowAnalysisPostFunctionsText:31)
	at com.kms.katalon.core.main.ScriptEngine.run(ScriptEngine.java:194)
	at com.kms.katalon.core.main.ScriptEngine.runScriptAsRawText(ScriptEngine.java:119)
	at com.kms.katalon.core.main.TestCaseExecutor.runScript(TestCaseExecutor.java:339)
	at com.kms.katalon.core.main.TestCaseExecutor.doExecute(TestCaseExecutor.java:330)
	at com.kms.katalon.core.main.TestCaseExecutor.processExecutionPhase(TestCaseExecutor.java:309)
	at com.kms.katalon.core.main.TestCaseExecutor.accessMainPhase(TestCaseExecutor.java:301)
	at com.kms.katalon.core.main.TestCaseExecutor.execute(TestCaseExecutor.java:235)
	at com.kms.katalon.core.main.TestSuiteExecutor.accessTestCaseMainPhase(TestSuiteExecutor.java:191)
	at com.kms.katalon.core.main.TestSuiteExecutor.accessTestSuiteMainPhase(TestSuiteExecutor.java:141)
	at com.kms.katalon.core.main.TestSuiteExecutor.execute(TestSuiteExecutor.java:90)
	at com.kms.katalon.core.main.TestCaseMain.startTestSuite(TestCaseMain.java:157)
	at com.kms.katalon.core.main.TestCaseMain$startTestSuite$0.call(Unknown Source)
	at TempTestSuite1600338297299.run(TempTestSuite1600338297299.groovy:39)
"/>
         <system-out><![CDATA[2020-09-17 12:25:46 - [TEST_CASE][FAILED] - Test Cases/InProgress/WorkflowAnalysisPostFunctionsText: Test Cases/InProgress/WorkflowAnalysisPostFunctionsText FAILED.
Reason:
com.kms.katalon.core.exception.StepFailedException: .
Expected: equals to 6.
Actual: 6
	at com.kms.katalon.core.util.KeywordUtil.markFailedAndStop(KeywordUtil.java:28)
	at com.kms.katalon.core.util.KeywordUtil$markFailedAndStop$0.call(Unknown Source)
	at kms.turing.katalon.plugins.assertj.GenericAssert.handleError(GenericAssert.groovy:71)
	at kms.turing.katalon.plugins.assertj.GenericAssert.handleError(GenericAssert.groovy:85)
	at kms.turing.katalon.plugins.assertj.NumberAssert.equals(NumberAssert.groovy:195)
	at kms.turing.katalon.plugins.assertj.NumberAssert.equals(NumberAssert.groovy)
	at kms.turing.katalon.plugins.assertj.GenericAssert.invokeMethod(GenericAssert.groovy)
	at com.kms.katalon.core.main.CustomKeywordDelegatingMetaClass.invokeStaticMethod(CustomKeywordDelegatingMetaClass.java:50)
	at WorkflowAnalysisPostFunctionsText.run(WorkflowAnalysisPostFunctionsText:31)
	at com.kms.katalon.core.main.ScriptEngine.run(ScriptEngine.java:194)
	at com.kms.katalon.core.main.ScriptEngine.runScriptAsRawText(ScriptEngine.java:119)
	at com.kms.katalon.core.main.TestCaseExecutor.runScript(TestCaseExecutor.java:339)
	at com.kms.katalon.core.main.TestCaseExecutor.doExecute(TestCaseExecutor.java:330)
	at com.kms.katalon.core.main.TestCaseExecutor.processExecutionPhase(TestCaseExecutor.java:309)
	at com.kms.katalon.core.main.TestCaseExecutor.accessMainPhase(TestCaseExecutor.java:301)
	at com.kms.katalon.core.main.TestCaseExecutor.execute(TestCaseExecutor.java:235)
	at com.kms.katalon.core.main.TestSuiteExecutor.accessTestCaseMainPhase(TestSuiteExecutor.java:191)
	at com.kms.katalon.core.main.TestSuiteExecutor.accessTestSuiteMainPhase(TestSuiteExecutor.java:141)
	at com.kms.katalon.core.main.TestSuiteExecutor.execute(TestSuiteExecutor.java:90)
	at com.kms.katalon.core.main.TestCaseMain.startTestSuite(TestCaseMain.java:157)
	at com.kms.katalon.core.main.TestCaseMain$startTestSuite$0.call(Unknown Source)
	at TempTestSuite1600338297299.run(TempTestSuite1600338297299.groovy:39)


2020-09-17 12:25:46 - [TEST_STEP][PASSED] - postFunctionText = new com.kms.katalon.core.testobject.TestObject(postFunctionText): null

2020-09-17 12:25:46 - [TEST_STEP][PASSED] - postFunctionText.addProperty("xpath", EQUALS, rowXpath): null

2020-09-17 12:25:46 - [TEST_STEP][PASSED] - topTestKeywords.Login.openBrowser(): topTestKeywords.Login.openBrowser is PASSED

2020-09-17 12:25:46 - [MESSAGE][WARNING] - A browser is already opened. Closing browser and opening a new one

2020-09-17 12:25:47 - [MESSAGE][INFO] - Starting 'Chrome' driver

2020-09-17 12:25:47 - [MESSAGE][INFO] - Action delay is set to 0 milliseconds

2020-09-17 12:25:50 - [MESSAGE][PASSED] - Browser is opened with url: ''

2020-09-17 12:25:52 - [MESSAGE][PASSED] - Current window maximized

2020-09-17 12:25:54 - [MESSAGE][PASSED] - Navigate to 'https://jira2.codecool.codecanvas.hu' successfully

2020-09-17 12:25:54 - [MESSAGE][PASSED] - topTestKeywords.Login.openBrowser is PASSED

2020-09-17 12:25:54 - [TEST_STEP][PASSED] - topTestKeywords.Login.loginAsUser(SystemAdminUsername, SystemAdminPassword): topTestKeywords.Login.loginAsUser is PASSED

2020-09-17 12:25:55 - [MESSAGE][PASSED] - Text 'codecooladmin' is set on object 'Object Repository/Page_System Dashboard - Jira/Username Field'

2020-09-17 12:25:55 - [MESSAGE][PASSED] - Text '2019Aprilis1' is set on object 'Object Repository/Page_System Dashboard - Jira/Password Field'

2020-09-17 12:25:56 - [MESSAGE][PASSED] - Object: 'Object Repository/Page_System Dashboard - Jira/Login Button' is clicked on

2020-09-17 12:25:57 - [MESSAGE][PASSED] - Object 'Object Repository/Page_System Dashboard - Jira/User Avatar' is visible

2020-09-17 12:25:57 - [MESSAGE][PASSED] - topTestKeywords.Login.loginAsUser is PASSED

2020-09-17 12:25:57 - [TEST_STEP][PASSED] - topTestKeywords.Login.goToTheWorkflow(timeout): topTestKeywords.Login.goToTheWorkflow is PASSED

2020-09-17 12:26:00 - [MESSAGE][PASSED] - Navigate to 'https://jira2.codecool.codecanvas.hu/projects/TWT?selectedItem=com.codecanvas.glass:glass' successfully

2020-09-17 12:26:01 - [MESSAGE][PASSED] - Object 'Object Repository/Page_ToP Week6 Test - Jira/Issue Dropdown' is visible

2020-09-17 12:26:01 - [MESSAGE][PASSED] - Object: 'Object Repository/Page_ToP Week6 Test - Jira/Issue Dropdown' is clicked on

2020-09-17 12:26:02 - [MESSAGE][PASSED] - Object 'Object Repository/Page_ToP Week6 Test - Jira/Issue Type' is visible

2020-09-17 12:26:02 - [MESSAGE][PASSED] - Object: 'Object Repository/Page_ToP Week6 Test - Jira/Issue Type' is clicked on

2020-09-17 12:26:04 - [MESSAGE][PASSED] - Object 'Object Repository/Project Workflow/WorkflowTransitionsTitle' is visible

2020-09-17 12:26:04 - [MESSAGE][PASSED] - topTestKeywords.Login.goToTheWorkflow is PASSED

2020-09-17 12:26:04 - [TEST_STEP][PASSED] - click(postFunctionText): Object: 'postFunctionText' is clicked on

2020-09-17 12:26:04 - [MESSAGE][PASSED] - Object: 'postFunctionText' is clicked on

2020-09-17 12:26:04 - [TEST_STEP][FAILED] - kms.turing.katalon.plugins.assertj.NumberAssert.equals(topTestKeywords.Login.getWebElementsAsListSize(xpath), expectedNumber, ""): .
Expected: equals to 6.
Actual: 6

2020-09-17 12:26:04 - [MESSAGE][PASSED] - topTestKeywords.Login.getWebElementsAsListSize is PASSED

2020-09-17 12:26:04 - [MESSAGE][INFO] - 

2020-09-17 12:26:04 - [MESSAGE][FAILED] - .
Expected: equals to 6.
Actual: 6]]></system-out>
         <system-err><![CDATA[2020-09-17 12:25:46 - [TEST_CASE][FAILED] - Test Cases/InProgress/WorkflowAnalysisPostFunctionsText: Test Cases/InProgress/WorkflowAnalysisPostFunctionsText FAILED.
Reason:
com.kms.katalon.core.exception.StepFailedException: .
Expected: equals to 6.
Actual: 6
	at com.kms.katalon.core.util.KeywordUtil.markFailedAndStop(KeywordUtil.java:28)
	at com.kms.katalon.core.util.KeywordUtil$markFailedAndStop$0.call(Unknown Source)
	at kms.turing.katalon.plugins.assertj.GenericAssert.handleError(GenericAssert.groovy:71)
	at kms.turing.katalon.plugins.assertj.GenericAssert.handleError(GenericAssert.groovy:85)
	at kms.turing.katalon.plugins.assertj.NumberAssert.equals(NumberAssert.groovy:195)
	at kms.turing.katalon.plugins.assertj.NumberAssert.equals(NumberAssert.groovy)
	at kms.turing.katalon.plugins.assertj.GenericAssert.invokeMethod(GenericAssert.groovy)
	at com.kms.katalon.core.main.CustomKeywordDelegatingMetaClass.invokeStaticMethod(CustomKeywordDelegatingMetaClass.java:50)
	at WorkflowAnalysisPostFunctionsText.run(WorkflowAnalysisPostFunctionsText:31)
	at com.kms.katalon.core.main.ScriptEngine.run(ScriptEngine.java:194)
	at com.kms.katalon.core.main.ScriptEngine.runScriptAsRawText(ScriptEngine.java:119)
	at com.kms.katalon.core.main.TestCaseExecutor.runScript(TestCaseExecutor.java:339)
	at com.kms.katalon.core.main.TestCaseExecutor.doExecute(TestCaseExecutor.java:330)
	at com.kms.katalon.core.main.TestCaseExecutor.processExecutionPhase(TestCaseExecutor.java:309)
	at com.kms.katalon.core.main.TestCaseExecutor.accessMainPhase(TestCaseExecutor.java:301)
	at com.kms.katalon.core.main.TestCaseExecutor.execute(TestCaseExecutor.java:235)
	at com.kms.katalon.core.main.TestSuiteExecutor.accessTestCaseMainPhase(TestSuiteExecutor.java:191)
	at com.kms.katalon.core.main.TestSuiteExecutor.accessTestSuiteMainPhase(TestSuiteExecutor.java:141)
	at com.kms.katalon.core.main.TestSuiteExecutor.execute(TestSuiteExecutor.java:90)
	at com.kms.katalon.core.main.TestCaseMain.startTestSuite(TestCaseMain.java:157)
	at com.kms.katalon.core.main.TestCaseMain$startTestSuite$0.call(Unknown Source)
	at TempTestSuite1600338297299.run(TempTestSuite1600338297299.groovy:39)]]></system-err>
      </testcase>
      <system-out><![CDATA[2020-09-17 12:25:04 - [TEST_SUITE][FAILED] - short link tests: Test Cases/InProgress/WorkflowAnalysisPostFunctionsText FAILED.
Reason:
com.kms.katalon.core.exception.StepFailedException: .
Expected: equals to 3.
Actual: 3
	at com.kms.katalon.core.util.KeywordUtil.markFailedAndStop(KeywordUtil.java:28)
	at com.kms.katalon.core.util.KeywordUtil$markFailedAndStop$0.call(Unknown Source)
	at kms.turing.katalon.plugins.assertj.GenericAssert.handleError(GenericAssert.groovy:71)
	at kms.turing.katalon.plugins.assertj.GenericAssert.handleError(GenericAssert.groovy:85)
	at kms.turing.katalon.plugins.assertj.NumberAssert.equals(NumberAssert.groovy:195)
	at kms.turing.katalon.plugins.assertj.NumberAssert.equals(NumberAssert.groovy)
	at kms.turing.katalon.plugins.assertj.GenericAssert.invokeMethod(GenericAssert.groovy)
	at com.kms.katalon.core.main.CustomKeywordDelegatingMetaClass.invokeStaticMethod(CustomKeywordDelegatingMetaClass.java:50)
	at WorkflowAnalysisPostFunctionsText.run(WorkflowAnalysisPostFunctionsText:31)
	at com.kms.katalon.core.main.ScriptEngine.run(ScriptEngine.java:194)
	at com.kms.katalon.core.main.ScriptEngine.runScriptAsRawText(ScriptEngine.java:119)
	at com.kms.katalon.core.main.TestCaseExecutor.runScript(TestCaseExecutor.java:339)
	at com.kms.katalon.core.main.TestCaseExecutor.doExecute(TestCaseExecutor.java:330)
	at com.kms.katalon.core.main.TestCaseExecutor.processExecutionPhase(TestCaseExecutor.java:309)
	at com.kms.katalon.core.main.TestCaseExecutor.accessMainPhase(TestCaseExecutor.java:301)
	at com.kms.katalon.core.main.TestCaseExecutor.execute(TestCaseExecutor.java:235)
	at com.kms.katalon.core.main.TestSuiteExecutor.accessTestCaseMainPhase(TestSuiteExecutor.java:191)
	at com.kms.katalon.core.main.TestSuiteExecutor.accessTestSuiteMainPhase(TestSuiteExecutor.java:141)
	at com.kms.katalon.core.main.TestSuiteExecutor.execute(TestSuiteExecutor.java:90)
	at com.kms.katalon.core.main.TestCaseMain.startTestSuite(TestCaseMain.java:157)
	at com.kms.katalon.core.main.TestCaseMain$startTestSuite$0.call(Unknown Source)
	at TempTestSuite1600338297299.run(TempTestSuite1600338297299.groovy:39)]]></system-out>
      <system-err><![CDATA[2020-09-17 12:25:04 - [TEST_SUITE][FAILED] - short link tests: Test Cases/InProgress/WorkflowAnalysisPostFunctionsText FAILED.
Reason:
com.kms.katalon.core.exception.StepFailedException: .
Expected: equals to 3.
Actual: 3
	at com.kms.katalon.core.util.KeywordUtil.markFailedAndStop(KeywordUtil.java:28)
	at com.kms.katalon.core.util.KeywordUtil$markFailedAndStop$0.call(Unknown Source)
	at kms.turing.katalon.plugins.assertj.GenericAssert.handleError(GenericAssert.groovy:71)
	at kms.turing.katalon.plugins.assertj.GenericAssert.handleError(GenericAssert.groovy:85)
	at kms.turing.katalon.plugins.assertj.NumberAssert.equals(NumberAssert.groovy:195)
	at kms.turing.katalon.plugins.assertj.NumberAssert.equals(NumberAssert.groovy)
	at kms.turing.katalon.plugins.assertj.GenericAssert.invokeMethod(GenericAssert.groovy)
	at com.kms.katalon.core.main.CustomKeywordDelegatingMetaClass.invokeStaticMethod(CustomKeywordDelegatingMetaClass.java:50)
	at WorkflowAnalysisPostFunctionsText.run(WorkflowAnalysisPostFunctionsText:31)
	at com.kms.katalon.core.main.ScriptEngine.run(ScriptEngine.java:194)
	at com.kms.katalon.core.main.ScriptEngine.runScriptAsRawText(ScriptEngine.java:119)
	at com.kms.katalon.core.main.TestCaseExecutor.runScript(TestCaseExecutor.java:339)
	at com.kms.katalon.core.main.TestCaseExecutor.doExecute(TestCaseExecutor.java:330)
	at com.kms.katalon.core.main.TestCaseExecutor.processExecutionPhase(TestCaseExecutor.java:309)
	at com.kms.katalon.core.main.TestCaseExecutor.accessMainPhase(TestCaseExecutor.java:301)
	at com.kms.katalon.core.main.TestCaseExecutor.execute(TestCaseExecutor.java:235)
	at com.kms.katalon.core.main.TestSuiteExecutor.accessTestCaseMainPhase(TestSuiteExecutor.java:191)
	at com.kms.katalon.core.main.TestSuiteExecutor.accessTestSuiteMainPhase(TestSuiteExecutor.java:141)
	at com.kms.katalon.core.main.TestSuiteExecutor.execute(TestSuiteExecutor.java:90)
	at com.kms.katalon.core.main.TestCaseMain.startTestSuite(TestCaseMain.java:157)
	at com.kms.katalon.core.main.TestCaseMain$startTestSuite$0.call(Unknown Source)
	at TempTestSuite1600338297299.run(TempTestSuite1600338297299.groovy:39)]]></system-err>
   </testsuite>
</testsuites>
