<?xml version="1.0" encoding="UTF-8"?>
<testsuites name="short link tests" time="78.07" tests="4" failures="1" errors="0">
   <testsuite name="short link tests" tests="4" failures="1" errors="0" time="78.07" timestamp="2020-09-17 10:42:21" hostname="x - DESKTOP-S0L1J4E" id="Test Suites/short link tests">
      <properties>
         <property name="deviceName" value=""/>
         <property name="devicePlatform" value=""/>
         <property name="logFolder" value="C:\\Users\\x\\git\\Jira_Glass_1.4_Version_Testing\\Reports\\20200917_104213\\short link tests\\20200917_104214"/>
         <property name="logFiles" value="C:\\Users\\x\\git\\Jira_Glass_1.4_Version_Testing\\Reports\\20200917_104213\\short link tests\\20200917_104214\\execution0.log"/>
         <property name="attachments" value="C:\\Users\\x\\git\\Jira_Glass_1.4_Version_Testing\\Reports\\20200917_104213\\short link tests\\20200917_104214\\1600332217614.png, C:\\Users\\x\\git\\Jira_Glass_1.4_Version_Testing\\Reports\\20200917_104213\\short link tests\\20200917_104214\\1600332217993.png"/>
         <property name="hostName" value="x - DESKTOP-S0L1J4E"/>
         <property name="os" value="Windows 10 64bit"/>
         <property name="katalonVersion" value="7.6.6.205"/>
         <property name="browser" value="Chrome 85.0.4183.102"/>
         <property name="hostAddress" value="192.168.56.1"/>
         <property name="sessionId" value="7e791db25e985dbc79a5f412ab8e5848"/>
         <property name="seleniumVersion" value="3.141.59"/>
         <property name="proxyInformation" value="ProxyInformation { proxyOption=NO_PROXY, proxyServerType=HTTP, username=, password=********, proxyServerAddress=, proxyServerPort=0, executionList=&quot;&quot;, isApplyToDesiredCapabilities=true }"/>
         <property name="platform" value="Windows 10"/>
      </properties>
      <testcase name="Test Cases/InProgress/WorkflowAnalysisPostFunctionsCounter" time="19.817" classname="Test Cases/InProgress/WorkflowAnalysisPostFunctionsCounter" status="PASSED">
         <system-out><![CDATA[2020-09-17 10:42:21 - [TEST_CASE][PASSED] - Test Cases/InProgress/WorkflowAnalysisPostFunctionsCounter: Test Cases/InProgress/WorkflowAnalysisPostFunctionsCounter

2020-09-17 10:42:22 - [TEST_STEP][PASSED] - postFunctionCounter = new com.kms.katalon.core.testobject.TestObject(postFunctionCounter): null

2020-09-17 10:42:22 - [TEST_STEP][PASSED] - postFunctionCounter.addProperty("xpath", EQUALS, xpath): null

2020-09-17 10:42:22 - [TEST_STEP][PASSED] - topTestKeywords.Login.openBrowser(): topTestKeywords.Login.openBrowser is PASSED

2020-09-17 10:42:22 - [MESSAGE][INFO] - Starting 'Chrome' driver

2020-09-17 10:42:22 - [MESSAGE][INFO] - Action delay is set to 0 milliseconds

2020-09-17 10:42:26 - [MESSAGE][PASSED] - Browser is opened with url: ''

2020-09-17 10:42:29 - [MESSAGE][PASSED] - Current window maximized

2020-09-17 10:42:31 - [MESSAGE][PASSED] - Navigate to 'https://jira2.codecool.codecanvas.hu' successfully

2020-09-17 10:42:31 - [MESSAGE][PASSED] - topTestKeywords.Login.openBrowser is PASSED

2020-09-17 10:42:31 - [TEST_STEP][PASSED] - topTestKeywords.Login.loginAsUser(SystemAdminUsername, SystemAdminPassword): topTestKeywords.Login.loginAsUser is PASSED

2020-09-17 10:42:31 - [MESSAGE][PASSED] - Text 'codecooladmin' is set on object 'Object Repository/Page_System Dashboard - Jira/Username Field'

2020-09-17 10:42:32 - [MESSAGE][PASSED] - Text '2019Aprilis1' is set on object 'Object Repository/Page_System Dashboard - Jira/Password Field'

2020-09-17 10:42:32 - [MESSAGE][PASSED] - Object: 'Object Repository/Page_System Dashboard - Jira/Login Button' is clicked on

2020-09-17 10:42:34 - [MESSAGE][PASSED] - Object 'Object Repository/Page_System Dashboard - Jira/User Avatar' is visible

2020-09-17 10:42:35 - [MESSAGE][PASSED] - topTestKeywords.Login.loginAsUser is PASSED

2020-09-17 10:42:35 - [TEST_STEP][PASSED] - topTestKeywords.Login.goToTheWorkflow(timeout): topTestKeywords.Login.goToTheWorkflow is PASSED

2020-09-17 10:42:37 - [MESSAGE][PASSED] - Navigate to 'https://jira2.codecool.codecanvas.hu/projects/TWT?selectedItem=com.codecanvas.glass:glass' successfully

2020-09-17 10:42:38 - [MESSAGE][PASSED] - Object 'Object Repository/Page_ToP Week6 Test - Jira/Issue Dropdown' is visible

2020-09-17 10:42:38 - [MESSAGE][PASSED] - Object: 'Object Repository/Page_ToP Week6 Test - Jira/Issue Dropdown' is clicked on

2020-09-17 10:42:39 - [MESSAGE][PASSED] - Object 'Object Repository/Page_ToP Week6 Test - Jira/Issue Type' is visible

2020-09-17 10:42:39 - [MESSAGE][PASSED] - Object: 'Object Repository/Page_ToP Week6 Test - Jira/Issue Type' is clicked on

2020-09-17 10:42:41 - [MESSAGE][PASSED] - Object 'Object Repository/Project Workflow/WorkflowTransitionsTitle' is visible

2020-09-17 10:42:41 - [MESSAGE][PASSED] - topTestKeywords.Login.goToTheWorkflow is PASSED

2020-09-17 10:42:41 - [TEST_STEP][PASSED] - verifyElementText(postFunctionCounter, expectedNumber): Actual text and expected text of test object 'postFunctionCounter' are matched.

2020-09-17 10:42:41 - [MESSAGE][PASSED] - Actual text and expected text of test object 'postFunctionCounter' are matched.]]></system-out>
         <system-err><![CDATA[]]></system-err>
      </testcase>
      <testcase name="Test Cases/InProgress/WorkflowAnalysisPostFunctionsCounter" time="18.779" classname="Test Cases/InProgress/WorkflowAnalysisPostFunctionsCounter" status="PASSED">
         <system-out><![CDATA[2020-09-17 10:42:41 - [TEST_CASE][PASSED] - Test Cases/InProgress/WorkflowAnalysisPostFunctionsCounter: Test Cases/InProgress/WorkflowAnalysisPostFunctionsCounter

2020-09-17 10:42:41 - [TEST_STEP][PASSED] - postFunctionCounter = new com.kms.katalon.core.testobject.TestObject(postFunctionCounter): null

2020-09-17 10:42:41 - [TEST_STEP][PASSED] - postFunctionCounter.addProperty("xpath", EQUALS, xpath): null

2020-09-17 10:42:41 - [TEST_STEP][PASSED] - topTestKeywords.Login.openBrowser(): topTestKeywords.Login.openBrowser is PASSED

2020-09-17 10:42:41 - [MESSAGE][WARNING] - A browser is already opened. Closing browser and opening a new one

2020-09-17 10:42:42 - [MESSAGE][INFO] - Starting 'Chrome' driver

2020-09-17 10:42:42 - [MESSAGE][INFO] - Action delay is set to 0 milliseconds

2020-09-17 10:42:45 - [MESSAGE][PASSED] - Browser is opened with url: ''

2020-09-17 10:42:47 - [MESSAGE][PASSED] - Current window maximized

2020-09-17 10:42:49 - [MESSAGE][PASSED] - Navigate to 'https://jira2.codecool.codecanvas.hu' successfully

2020-09-17 10:42:49 - [MESSAGE][PASSED] - topTestKeywords.Login.openBrowser is PASSED

2020-09-17 10:42:49 - [TEST_STEP][PASSED] - topTestKeywords.Login.loginAsUser(SystemAdminUsername, SystemAdminPassword): topTestKeywords.Login.loginAsUser is PASSED

2020-09-17 10:42:50 - [MESSAGE][PASSED] - Text 'codecooladmin' is set on object 'Object Repository/Page_System Dashboard - Jira/Username Field'

2020-09-17 10:42:50 - [MESSAGE][PASSED] - Text '2019Aprilis1' is set on object 'Object Repository/Page_System Dashboard - Jira/Password Field'

2020-09-17 10:42:51 - [MESSAGE][PASSED] - Object: 'Object Repository/Page_System Dashboard - Jira/Login Button' is clicked on

2020-09-17 10:42:54 - [MESSAGE][PASSED] - Object 'Object Repository/Page_System Dashboard - Jira/User Avatar' is visible

2020-09-17 10:42:54 - [MESSAGE][PASSED] - topTestKeywords.Login.loginAsUser is PASSED

2020-09-17 10:42:54 - [TEST_STEP][PASSED] - topTestKeywords.Login.goToTheWorkflow(timeout): topTestKeywords.Login.goToTheWorkflow is PASSED

2020-09-17 10:42:56 - [MESSAGE][PASSED] - Navigate to 'https://jira2.codecool.codecanvas.hu/projects/TWT?selectedItem=com.codecanvas.glass:glass' successfully

2020-09-17 10:42:57 - [MESSAGE][PASSED] - Object 'Object Repository/Page_ToP Week6 Test - Jira/Issue Dropdown' is visible

2020-09-17 10:42:57 - [MESSAGE][PASSED] - Object: 'Object Repository/Page_ToP Week6 Test - Jira/Issue Dropdown' is clicked on

2020-09-17 10:42:58 - [MESSAGE][PASSED] - Object 'Object Repository/Page_ToP Week6 Test - Jira/Issue Type' is visible

2020-09-17 10:42:58 - [MESSAGE][PASSED] - Object: 'Object Repository/Page_ToP Week6 Test - Jira/Issue Type' is clicked on

2020-09-17 10:42:59 - [MESSAGE][PASSED] - Object 'Object Repository/Project Workflow/WorkflowTransitionsTitle' is visible

2020-09-17 10:42:59 - [MESSAGE][PASSED] - topTestKeywords.Login.goToTheWorkflow is PASSED

2020-09-17 10:42:59 - [TEST_STEP][PASSED] - verifyElementText(postFunctionCounter, expectedNumber): Actual text and expected text of test object 'postFunctionCounter' are matched.

2020-09-17 10:43:00 - [MESSAGE][PASSED] - Actual text and expected text of test object 'postFunctionCounter' are matched.]]></system-out>
         <system-err><![CDATA[]]></system-err>
      </testcase>
      <testcase name="Test Cases/InProgress/WorkflowAnalysisPostFunctionsCounter" time="18.328" classname="Test Cases/InProgress/WorkflowAnalysisPostFunctionsCounter" status="PASSED">
         <system-out><![CDATA[2020-09-17 10:43:00 - [TEST_CASE][PASSED] - Test Cases/InProgress/WorkflowAnalysisPostFunctionsCounter: Test Cases/InProgress/WorkflowAnalysisPostFunctionsCounter

2020-09-17 10:43:00 - [TEST_STEP][PASSED] - postFunctionCounter = new com.kms.katalon.core.testobject.TestObject(postFunctionCounter): null

2020-09-17 10:43:00 - [TEST_STEP][PASSED] - postFunctionCounter.addProperty("xpath", EQUALS, xpath): null

2020-09-17 10:43:00 - [TEST_STEP][PASSED] - topTestKeywords.Login.openBrowser(): topTestKeywords.Login.openBrowser is PASSED

2020-09-17 10:43:00 - [MESSAGE][WARNING] - A browser is already opened. Closing browser and opening a new one

2020-09-17 10:43:00 - [MESSAGE][INFO] - Starting 'Chrome' driver

2020-09-17 10:43:00 - [MESSAGE][INFO] - Action delay is set to 0 milliseconds

2020-09-17 10:43:04 - [MESSAGE][PASSED] - Browser is opened with url: ''

2020-09-17 10:43:06 - [MESSAGE][PASSED] - Current window maximized

2020-09-17 10:43:08 - [MESSAGE][PASSED] - Navigate to 'https://jira2.codecool.codecanvas.hu' successfully

2020-09-17 10:43:08 - [MESSAGE][PASSED] - topTestKeywords.Login.openBrowser is PASSED

2020-09-17 10:43:08 - [TEST_STEP][PASSED] - topTestKeywords.Login.loginAsUser(SystemAdminUsername, SystemAdminPassword): topTestKeywords.Login.loginAsUser is PASSED

2020-09-17 10:43:09 - [MESSAGE][PASSED] - Text 'codecooladmin' is set on object 'Object Repository/Page_System Dashboard - Jira/Username Field'

2020-09-17 10:43:09 - [MESSAGE][PASSED] - Text '2019Aprilis1' is set on object 'Object Repository/Page_System Dashboard - Jira/Password Field'

2020-09-17 10:43:10 - [MESSAGE][PASSED] - Object: 'Object Repository/Page_System Dashboard - Jira/Login Button' is clicked on

2020-09-17 10:43:11 - [MESSAGE][PASSED] - Object 'Object Repository/Page_System Dashboard - Jira/User Avatar' is visible

2020-09-17 10:43:11 - [MESSAGE][PASSED] - topTestKeywords.Login.loginAsUser is PASSED

2020-09-17 10:43:11 - [TEST_STEP][PASSED] - topTestKeywords.Login.goToTheWorkflow(timeout): topTestKeywords.Login.goToTheWorkflow is PASSED

2020-09-17 10:43:14 - [MESSAGE][PASSED] - Navigate to 'https://jira2.codecool.codecanvas.hu/projects/TWT?selectedItem=com.codecanvas.glass:glass' successfully

2020-09-17 10:43:15 - [MESSAGE][PASSED] - Object 'Object Repository/Page_ToP Week6 Test - Jira/Issue Dropdown' is visible

2020-09-17 10:43:15 - [MESSAGE][PASSED] - Object: 'Object Repository/Page_ToP Week6 Test - Jira/Issue Dropdown' is clicked on

2020-09-17 10:43:16 - [MESSAGE][PASSED] - Object 'Object Repository/Page_ToP Week6 Test - Jira/Issue Type' is visible

2020-09-17 10:43:16 - [MESSAGE][PASSED] - Object: 'Object Repository/Page_ToP Week6 Test - Jira/Issue Type' is clicked on

2020-09-17 10:43:18 - [MESSAGE][PASSED] - Object 'Object Repository/Project Workflow/WorkflowTransitionsTitle' is visible

2020-09-17 10:43:18 - [MESSAGE][PASSED] - topTestKeywords.Login.goToTheWorkflow is PASSED

2020-09-17 10:43:18 - [TEST_STEP][PASSED] - verifyElementText(postFunctionCounter, expectedNumber): Actual text and expected text of test object 'postFunctionCounter' are matched.

2020-09-17 10:43:18 - [MESSAGE][PASSED] - Actual text and expected text of test object 'postFunctionCounter' are matched.]]></system-out>
         <system-err><![CDATA[]]></system-err>
      </testcase>
      <testcase name="Test Cases/InProgress/WorkflowAnalysisPostFunctionsCounter" time="19.838" classname="Test Cases/InProgress/WorkflowAnalysisPostFunctionsCounter" status="FAILED">
         <failure type="FAILED" message="Test Cases/InProgress/WorkflowAnalysisPostFunctionsCounter FAILED.
Reason:
com.kms.katalon.core.exception.StepFailedException: Verify element text of test object 'postFunctionCounter' FAILED.
	at com.kms.katalon.core.webui.keyword.internal.WebUIKeywordMain.stepFailed(WebUIKeywordMain.groovy:64)
	at com.kms.katalon.core.webui.keyword.internal.WebUIKeywordMain.runKeyword(WebUIKeywordMain.groovy:26)
	at com.kms.katalon.core.webui.keyword.builtin.VerifyElementTextKeyword.verifyElementText(VerifyElementTextKeyword.groovy:72)
	at com.kms.katalon.core.webui.keyword.builtin.VerifyElementTextKeyword.execute(VerifyElementTextKeyword.groovy:40)
	at com.kms.katalon.core.keyword.internal.KeywordExecutor.executeKeywordForPlatform(KeywordExecutor.groovy:73)
	at com.kms.katalon.core.webui.keyword.WebUiBuiltInKeywords.verifyElementText(WebUiBuiltInKeywords.groovy:3689)
	at com.kms.katalon.core.webui.keyword.WebUiBuiltInKeywords$verifyElementText$5.call(Unknown Source)
	at WorkflowAnalysisPostFunctionsCounter.run(WorkflowAnalysisPostFunctionsCounter:29)
	at com.kms.katalon.core.main.ScriptEngine.run(ScriptEngine.java:194)
	at com.kms.katalon.core.main.ScriptEngine.runScriptAsRawText(ScriptEngine.java:119)
	at com.kms.katalon.core.main.TestCaseExecutor.runScript(TestCaseExecutor.java:339)
	at com.kms.katalon.core.main.TestCaseExecutor.doExecute(TestCaseExecutor.java:330)
	at com.kms.katalon.core.main.TestCaseExecutor.processExecutionPhase(TestCaseExecutor.java:309)
	at com.kms.katalon.core.main.TestCaseExecutor.accessMainPhase(TestCaseExecutor.java:301)
	at com.kms.katalon.core.main.TestCaseExecutor.execute(TestCaseExecutor.java:235)
	at com.kms.katalon.core.main.TestSuiteExecutor.accessTestCaseMainPhase(TestSuiteExecutor.java:191)
	at com.kms.katalon.core.main.TestSuiteExecutor.accessTestSuiteMainPhase(TestSuiteExecutor.java:141)
	at com.kms.katalon.core.main.TestSuiteExecutor.execute(TestSuiteExecutor.java:90)
	at com.kms.katalon.core.main.TestCaseMain.startTestSuite(TestCaseMain.java:157)
	at com.kms.katalon.core.main.TestCaseMain$startTestSuite$0.call(Unknown Source)
	at TempTestSuite1600332134000.run(TempTestSuite1600332134000.groovy:39)
Caused by: com.kms.katalon.core.exception.StepFailedException: Actual text '5' and expected text '1' of test object 'postFunctionCounter' are NOT matched.
	at com.kms.katalon.core.webui.keyword.internal.WebUIKeywordMain.stepFailed(WebUIKeywordMain.groovy:64)
	at com.kms.katalon.core.webui.keyword.builtin.VerifyElementTextKeyword$_verifyElementText_closure1.doCall(VerifyElementTextKeyword.groovy:57)
	at com.kms.katalon.core.webui.keyword.builtin.VerifyElementTextKeyword$_verifyElementText_closure1.call(VerifyElementTextKeyword.groovy)
	at com.kms.katalon.core.webui.keyword.internal.WebUIKeywordMain.runKeyword(WebUIKeywordMain.groovy:20)
	... 19 more
"/>
         <system-out><![CDATA[2020-09-17 10:43:18 - [TEST_CASE][FAILED] - Test Cases/InProgress/WorkflowAnalysisPostFunctionsCounter: Test Cases/InProgress/WorkflowAnalysisPostFunctionsCounter FAILED.
Reason:
com.kms.katalon.core.exception.StepFailedException: Verify element text of test object 'postFunctionCounter' FAILED.
	at com.kms.katalon.core.webui.keyword.internal.WebUIKeywordMain.stepFailed(WebUIKeywordMain.groovy:64)
	at com.kms.katalon.core.webui.keyword.internal.WebUIKeywordMain.runKeyword(WebUIKeywordMain.groovy:26)
	at com.kms.katalon.core.webui.keyword.builtin.VerifyElementTextKeyword.verifyElementText(VerifyElementTextKeyword.groovy:72)
	at com.kms.katalon.core.webui.keyword.builtin.VerifyElementTextKeyword.execute(VerifyElementTextKeyword.groovy:40)
	at com.kms.katalon.core.keyword.internal.KeywordExecutor.executeKeywordForPlatform(KeywordExecutor.groovy:73)
	at com.kms.katalon.core.webui.keyword.WebUiBuiltInKeywords.verifyElementText(WebUiBuiltInKeywords.groovy:3689)
	at com.kms.katalon.core.webui.keyword.WebUiBuiltInKeywords$verifyElementText$5.call(Unknown Source)
	at WorkflowAnalysisPostFunctionsCounter.run(WorkflowAnalysisPostFunctionsCounter:29)
	at com.kms.katalon.core.main.ScriptEngine.run(ScriptEngine.java:194)
	at com.kms.katalon.core.main.ScriptEngine.runScriptAsRawText(ScriptEngine.java:119)
	at com.kms.katalon.core.main.TestCaseExecutor.runScript(TestCaseExecutor.java:339)
	at com.kms.katalon.core.main.TestCaseExecutor.doExecute(TestCaseExecutor.java:330)
	at com.kms.katalon.core.main.TestCaseExecutor.processExecutionPhase(TestCaseExecutor.java:309)
	at com.kms.katalon.core.main.TestCaseExecutor.accessMainPhase(TestCaseExecutor.java:301)
	at com.kms.katalon.core.main.TestCaseExecutor.execute(TestCaseExecutor.java:235)
	at com.kms.katalon.core.main.TestSuiteExecutor.accessTestCaseMainPhase(TestSuiteExecutor.java:191)
	at com.kms.katalon.core.main.TestSuiteExecutor.accessTestSuiteMainPhase(TestSuiteExecutor.java:141)
	at com.kms.katalon.core.main.TestSuiteExecutor.execute(TestSuiteExecutor.java:90)
	at com.kms.katalon.core.main.TestCaseMain.startTestSuite(TestCaseMain.java:157)
	at com.kms.katalon.core.main.TestCaseMain$startTestSuite$0.call(Unknown Source)
	at TempTestSuite1600332134000.run(TempTestSuite1600332134000.groovy:39)
Caused by: com.kms.katalon.core.exception.StepFailedException: Actual text '5' and expected text '1' of test object 'postFunctionCounter' are NOT matched.
	at com.kms.katalon.core.webui.keyword.internal.WebUIKeywordMain.stepFailed(WebUIKeywordMain.groovy:64)
	at com.kms.katalon.core.webui.keyword.builtin.VerifyElementTextKeyword$_verifyElementText_closure1.doCall(VerifyElementTextKeyword.groovy:57)
	at com.kms.katalon.core.webui.keyword.builtin.VerifyElementTextKeyword$_verifyElementText_closure1.call(VerifyElementTextKeyword.groovy)
	at com.kms.katalon.core.webui.keyword.internal.WebUIKeywordMain.runKeyword(WebUIKeywordMain.groovy:20)
	... 19 more


2020-09-17 10:43:18 - [TEST_STEP][PASSED] - postFunctionCounter = new com.kms.katalon.core.testobject.TestObject(postFunctionCounter): null

2020-09-17 10:43:18 - [TEST_STEP][PASSED] - postFunctionCounter.addProperty("xpath", EQUALS, xpath): null

2020-09-17 10:43:18 - [TEST_STEP][PASSED] - topTestKeywords.Login.openBrowser(): topTestKeywords.Login.openBrowser is PASSED

2020-09-17 10:43:18 - [MESSAGE][WARNING] - A browser is already opened. Closing browser and opening a new one

2020-09-17 10:43:19 - [MESSAGE][INFO] - Starting 'Chrome' driver

2020-09-17 10:43:19 - [MESSAGE][INFO] - Action delay is set to 0 milliseconds

2020-09-17 10:43:22 - [MESSAGE][PASSED] - Browser is opened with url: ''

2020-09-17 10:43:24 - [MESSAGE][PASSED] - Current window maximized

2020-09-17 10:43:26 - [MESSAGE][PASSED] - Navigate to 'https://jira2.codecool.codecanvas.hu' successfully

2020-09-17 10:43:26 - [MESSAGE][PASSED] - topTestKeywords.Login.openBrowser is PASSED

2020-09-17 10:43:26 - [TEST_STEP][PASSED] - topTestKeywords.Login.loginAsUser(SystemAdminUsername, SystemAdminPassword): topTestKeywords.Login.loginAsUser is PASSED

2020-09-17 10:43:27 - [MESSAGE][PASSED] - Text 'codecooladmin' is set on object 'Object Repository/Page_System Dashboard - Jira/Username Field'

2020-09-17 10:43:27 - [MESSAGE][PASSED] - Text '2019Aprilis1' is set on object 'Object Repository/Page_System Dashboard - Jira/Password Field'

2020-09-17 10:43:28 - [MESSAGE][PASSED] - Object: 'Object Repository/Page_System Dashboard - Jira/Login Button' is clicked on

2020-09-17 10:43:31 - [MESSAGE][PASSED] - Object 'Object Repository/Page_System Dashboard - Jira/User Avatar' is visible

2020-09-17 10:43:31 - [MESSAGE][PASSED] - topTestKeywords.Login.loginAsUser is PASSED

2020-09-17 10:43:31 - [TEST_STEP][PASSED] - topTestKeywords.Login.goToTheWorkflow(timeout): topTestKeywords.Login.goToTheWorkflow is PASSED

2020-09-17 10:43:33 - [MESSAGE][PASSED] - Navigate to 'https://jira2.codecool.codecanvas.hu/projects/TWT?selectedItem=com.codecanvas.glass:glass' successfully

2020-09-17 10:43:34 - [MESSAGE][PASSED] - Object 'Object Repository/Page_ToP Week6 Test - Jira/Issue Dropdown' is visible

2020-09-17 10:43:35 - [MESSAGE][PASSED] - Object: 'Object Repository/Page_ToP Week6 Test - Jira/Issue Dropdown' is clicked on

2020-09-17 10:43:35 - [MESSAGE][PASSED] - Object 'Object Repository/Page_ToP Week6 Test - Jira/Issue Type' is visible

2020-09-17 10:43:36 - [MESSAGE][PASSED] - Object: 'Object Repository/Page_ToP Week6 Test - Jira/Issue Type' is clicked on

2020-09-17 10:43:37 - [MESSAGE][PASSED] - Object 'Object Repository/Project Workflow/WorkflowTransitionsTitle' is visible

2020-09-17 10:43:37 - [MESSAGE][PASSED] - topTestKeywords.Login.goToTheWorkflow is PASSED

2020-09-17 10:43:37 - [TEST_STEP][FAILED] - verifyElementText(postFunctionCounter, expectedNumber): Verify element text of test object 'postFunctionCounter' FAILED. (Root cause: com.kms.katalon.core.exception.StepFailedException: Verify element text of test object 'postFunctionCounter' FAILED.
	at com.kms.katalon.core.webui.keyword.internal.WebUIKeywordMain.stepFailed(WebUIKeywordMain.groovy:64)
	at com.kms.katalon.core.webui.keyword.internal.WebUIKeywordMain.runKeyword(WebUIKeywordMain.groovy:26)
	at com.kms.katalon.core.webui.keyword.builtin.VerifyElementTextKeyword.verifyElementText(VerifyElementTextKeyword.groovy:72)
	at com.kms.katalon.core.webui.keyword.builtin.VerifyElementTextKeyword.execute(VerifyElementTextKeyword.groovy:40)
	at com.kms.katalon.core.keyword.internal.KeywordExecutor.executeKeywordForPlatform(KeywordExecutor.groovy:73)
	at com.kms.katalon.core.webui.keyword.WebUiBuiltInKeywords.verifyElementText(WebUiBuiltInKeywords.groovy:3689)
	at com.kms.katalon.core.webui.keyword.WebUiBuiltInKeywords$verifyElementText$5.call(Unknown Source)
	at WorkflowAnalysisPostFunctionsCounter.run(WorkflowAnalysisPostFunctionsCounter:29)
	at com.kms.katalon.core.main.ScriptEngine.run(ScriptEngine.java:194)
	at com.kms.katalon.core.main.ScriptEngine.runScriptAsRawText(ScriptEngine.java:119)
	at com.kms.katalon.core.main.TestCaseExecutor.runScript(TestCaseExecutor.java:339)
	at com.kms.katalon.core.main.TestCaseExecutor.doExecute(TestCaseExecutor.java:330)
	at com.kms.katalon.core.main.TestCaseExecutor.processExecutionPhase(TestCaseExecutor.java:309)
	at com.kms.katalon.core.main.TestCaseExecutor.accessMainPhase(TestCaseExecutor.java:301)
	at com.kms.katalon.core.main.TestCaseExecutor.execute(TestCaseExecutor.java:235)
	at com.kms.katalon.core.main.TestSuiteExecutor.accessTestCaseMainPhase(TestSuiteExecutor.java:191)
	at com.kms.katalon.core.main.TestSuiteExecutor.accessTestSuiteMainPhase(TestSuiteExecutor.java:141)
	at com.kms.katalon.core.main.TestSuiteExecutor.execute(TestSuiteExecutor.java:90)
	at com.kms.katalon.core.main.TestCaseMain.startTestSuite(TestCaseMain.java:157)
	at com.kms.katalon.core.main.TestCaseMain$startTestSuite$0.call(Unknown Source)
	at TempTestSuite1600332134000.run(TempTestSuite1600332134000.groovy:39)
Caused by: com.kms.katalon.core.exception.StepFailedException: Actual text '5' and expected text '1' of test object 'postFunctionCounter' are NOT matched.
	at com.kms.katalon.core.webui.keyword.internal.WebUIKeywordMain.stepFailed(WebUIKeywordMain.groovy:64)
	at com.kms.katalon.core.webui.keyword.builtin.VerifyElementTextKeyword$_verifyElementText_closure1.doCall(VerifyElementTextKeyword.groovy:57)
	at com.kms.katalon.core.webui.keyword.builtin.VerifyElementTextKeyword$_verifyElementText_closure1.call(VerifyElementTextKeyword.groovy)
	at com.kms.katalon.core.webui.keyword.internal.WebUIKeywordMain.runKeyword(WebUIKeywordMain.groovy:20)
	... 19 more
)

2020-09-17 10:43:37 - [MESSAGE][FAILED] - Actual text '5' and expected text '1' of test object 'postFunctionCounter' are NOT matched. (Root cause: com.kms.katalon.core.exception.StepFailedException: Actual text '5' and expected text '1' of test object 'postFunctionCounter' are NOT matched.
	at com.kms.katalon.core.webui.keyword.internal.WebUIKeywordMain.stepFailed(WebUIKeywordMain.groovy:64)
	at com.kms.katalon.core.webui.keyword.builtin.VerifyElementTextKeyword$_verifyElementText_closure1.doCall(VerifyElementTextKeyword.groovy:57)
	at com.kms.katalon.core.webui.keyword.builtin.VerifyElementTextKeyword$_verifyElementText_closure1.call(VerifyElementTextKeyword.groovy)
	at com.kms.katalon.core.webui.keyword.internal.WebUIKeywordMain.runKeyword(WebUIKeywordMain.groovy:20)
	at com.kms.katalon.core.webui.keyword.builtin.VerifyElementTextKeyword.verifyElementText(VerifyElementTextKeyword.groovy:72)
	at com.kms.katalon.core.webui.keyword.builtin.VerifyElementTextKeyword.execute(VerifyElementTextKeyword.groovy:40)
	at com.kms.katalon.core.keyword.internal.KeywordExecutor.executeKeywordForPlatform(KeywordExecutor.groovy:73)
	at com.kms.katalon.core.webui.keyword.WebUiBuiltInKeywords.verifyElementText(WebUiBuiltInKeywords.groovy:3689)
	at com.kms.katalon.core.webui.keyword.WebUiBuiltInKeywords$verifyElementText$5.call(Unknown Source)
	at WorkflowAnalysisPostFunctionsCounter.run(WorkflowAnalysisPostFunctionsCounter:29)
	at com.kms.katalon.core.main.ScriptEngine.run(ScriptEngine.java:194)
	at com.kms.katalon.core.main.ScriptEngine.runScriptAsRawText(ScriptEngine.java:119)
	at com.kms.katalon.core.main.TestCaseExecutor.runScript(TestCaseExecutor.java:339)
	at com.kms.katalon.core.main.TestCaseExecutor.doExecute(TestCaseExecutor.java:330)
	at com.kms.katalon.core.main.TestCaseExecutor.processExecutionPhase(TestCaseExecutor.java:309)
	at com.kms.katalon.core.main.TestCaseExecutor.accessMainPhase(TestCaseExecutor.java:301)
	at com.kms.katalon.core.main.TestCaseExecutor.execute(TestCaseExecutor.java:235)
	at com.kms.katalon.core.main.TestSuiteExecutor.accessTestCaseMainPhase(TestSuiteExecutor.java:191)
	at com.kms.katalon.core.main.TestSuiteExecutor.accessTestSuiteMainPhase(TestSuiteExecutor.java:141)
	at com.kms.katalon.core.main.TestSuiteExecutor.execute(TestSuiteExecutor.java:90)
	at com.kms.katalon.core.main.TestCaseMain.startTestSuite(TestCaseMain.java:157)
	at com.kms.katalon.core.main.TestCaseMain$startTestSuite$0.call(Unknown Source)
	at TempTestSuite1600332134000.run(TempTestSuite1600332134000.groovy:39)
)
[[ATTACHMENT|C:\\Users\\x\\git\\Jira_Glass_1.4_Version_Testing\\Reports\\20200917_104213\\short link tests\\20200917_104214\\1600332217614.png]]

2020-09-17 10:43:38 - [MESSAGE][FAILED] - Verify element text of test object 'postFunctionCounter' FAILED. (Root cause: com.kms.katalon.core.exception.StepFailedException: Verify element text of test object 'postFunctionCounter' FAILED.
	at com.kms.katalon.core.webui.keyword.internal.WebUIKeywordMain.stepFailed(WebUIKeywordMain.groovy:64)
	at com.kms.katalon.core.webui.keyword.internal.WebUIKeywordMain.runKeyword(WebUIKeywordMain.groovy:26)
	at com.kms.katalon.core.webui.keyword.builtin.VerifyElementTextKeyword.verifyElementText(VerifyElementTextKeyword.groovy:72)
	at com.kms.katalon.core.webui.keyword.builtin.VerifyElementTextKeyword.execute(VerifyElementTextKeyword.groovy:40)
	at com.kms.katalon.core.keyword.internal.KeywordExecutor.executeKeywordForPlatform(KeywordExecutor.groovy:73)
	at com.kms.katalon.core.webui.keyword.WebUiBuiltInKeywords.verifyElementText(WebUiBuiltInKeywords.groovy:3689)
	at com.kms.katalon.core.webui.keyword.WebUiBuiltInKeywords$verifyElementText$5.call(Unknown Source)
	at WorkflowAnalysisPostFunctionsCounter.run(WorkflowAnalysisPostFunctionsCounter:29)
	at com.kms.katalon.core.main.ScriptEngine.run(ScriptEngine.java:194)
	at com.kms.katalon.core.main.ScriptEngine.runScriptAsRawText(ScriptEngine.java:119)
	at com.kms.katalon.core.main.TestCaseExecutor.runScript(TestCaseExecutor.java:339)
	at com.kms.katalon.core.main.TestCaseExecutor.doExecute(TestCaseExecutor.java:330)
	at com.kms.katalon.core.main.TestCaseExecutor.processExecutionPhase(TestCaseExecutor.java:309)
	at com.kms.katalon.core.main.TestCaseExecutor.accessMainPhase(TestCaseExecutor.java:301)
	at com.kms.katalon.core.main.TestCaseExecutor.execute(TestCaseExecutor.java:235)
	at com.kms.katalon.core.main.TestSuiteExecutor.accessTestCaseMainPhase(TestSuiteExecutor.java:191)
	at com.kms.katalon.core.main.TestSuiteExecutor.accessTestSuiteMainPhase(TestSuiteExecutor.java:141)
	at com.kms.katalon.core.main.TestSuiteExecutor.execute(TestSuiteExecutor.java:90)
	at com.kms.katalon.core.main.TestCaseMain.startTestSuite(TestCaseMain.java:157)
	at com.kms.katalon.core.main.TestCaseMain$startTestSuite$0.call(Unknown Source)
	at TempTestSuite1600332134000.run(TempTestSuite1600332134000.groovy:39)
Caused by: com.kms.katalon.core.exception.StepFailedException: Actual text '5' and expected text '1' of test object 'postFunctionCounter' are NOT matched.
	at com.kms.katalon.core.webui.keyword.internal.WebUIKeywordMain.stepFailed(WebUIKeywordMain.groovy:64)
	at com.kms.katalon.core.webui.keyword.builtin.VerifyElementTextKeyword$_verifyElementText_closure1.doCall(VerifyElementTextKeyword.groovy:57)
	at com.kms.katalon.core.webui.keyword.builtin.VerifyElementTextKeyword$_verifyElementText_closure1.call(VerifyElementTextKeyword.groovy)
	at com.kms.katalon.core.webui.keyword.internal.WebUIKeywordMain.runKeyword(WebUIKeywordMain.groovy:20)
	... 19 more
)
[[ATTACHMENT|C:\\Users\\x\\git\\Jira_Glass_1.4_Version_Testing\\Reports\\20200917_104213\\short link tests\\20200917_104214\\1600332217993.png]]]]></system-out>
         <system-err><![CDATA[2020-09-17 10:43:18 - [TEST_CASE][FAILED] - Test Cases/InProgress/WorkflowAnalysisPostFunctionsCounter: Test Cases/InProgress/WorkflowAnalysisPostFunctionsCounter FAILED.
Reason:
com.kms.katalon.core.exception.StepFailedException: Verify element text of test object 'postFunctionCounter' FAILED.
	at com.kms.katalon.core.webui.keyword.internal.WebUIKeywordMain.stepFailed(WebUIKeywordMain.groovy:64)
	at com.kms.katalon.core.webui.keyword.internal.WebUIKeywordMain.runKeyword(WebUIKeywordMain.groovy:26)
	at com.kms.katalon.core.webui.keyword.builtin.VerifyElementTextKeyword.verifyElementText(VerifyElementTextKeyword.groovy:72)
	at com.kms.katalon.core.webui.keyword.builtin.VerifyElementTextKeyword.execute(VerifyElementTextKeyword.groovy:40)
	at com.kms.katalon.core.keyword.internal.KeywordExecutor.executeKeywordForPlatform(KeywordExecutor.groovy:73)
	at com.kms.katalon.core.webui.keyword.WebUiBuiltInKeywords.verifyElementText(WebUiBuiltInKeywords.groovy:3689)
	at com.kms.katalon.core.webui.keyword.WebUiBuiltInKeywords$verifyElementText$5.call(Unknown Source)
	at WorkflowAnalysisPostFunctionsCounter.run(WorkflowAnalysisPostFunctionsCounter:29)
	at com.kms.katalon.core.main.ScriptEngine.run(ScriptEngine.java:194)
	at com.kms.katalon.core.main.ScriptEngine.runScriptAsRawText(ScriptEngine.java:119)
	at com.kms.katalon.core.main.TestCaseExecutor.runScript(TestCaseExecutor.java:339)
	at com.kms.katalon.core.main.TestCaseExecutor.doExecute(TestCaseExecutor.java:330)
	at com.kms.katalon.core.main.TestCaseExecutor.processExecutionPhase(TestCaseExecutor.java:309)
	at com.kms.katalon.core.main.TestCaseExecutor.accessMainPhase(TestCaseExecutor.java:301)
	at com.kms.katalon.core.main.TestCaseExecutor.execute(TestCaseExecutor.java:235)
	at com.kms.katalon.core.main.TestSuiteExecutor.accessTestCaseMainPhase(TestSuiteExecutor.java:191)
	at com.kms.katalon.core.main.TestSuiteExecutor.accessTestSuiteMainPhase(TestSuiteExecutor.java:141)
	at com.kms.katalon.core.main.TestSuiteExecutor.execute(TestSuiteExecutor.java:90)
	at com.kms.katalon.core.main.TestCaseMain.startTestSuite(TestCaseMain.java:157)
	at com.kms.katalon.core.main.TestCaseMain$startTestSuite$0.call(Unknown Source)
	at TempTestSuite1600332134000.run(TempTestSuite1600332134000.groovy:39)
Caused by: com.kms.katalon.core.exception.StepFailedException: Actual text '5' and expected text '1' of test object 'postFunctionCounter' are NOT matched.
	at com.kms.katalon.core.webui.keyword.internal.WebUIKeywordMain.stepFailed(WebUIKeywordMain.groovy:64)
	at com.kms.katalon.core.webui.keyword.builtin.VerifyElementTextKeyword$_verifyElementText_closure1.doCall(VerifyElementTextKeyword.groovy:57)
	at com.kms.katalon.core.webui.keyword.builtin.VerifyElementTextKeyword$_verifyElementText_closure1.call(VerifyElementTextKeyword.groovy)
	at com.kms.katalon.core.webui.keyword.internal.WebUIKeywordMain.runKeyword(WebUIKeywordMain.groovy:20)
	... 19 more]]></system-err>
      </testcase>
      <system-out><![CDATA[2020-09-17 10:42:21 - [TEST_SUITE][FAILED] - short link tests: Test Cases/InProgress/WorkflowAnalysisPostFunctionsCounter FAILED.
Reason:
com.kms.katalon.core.exception.StepFailedException: Verify element text of test object 'postFunctionCounter' FAILED.
	at com.kms.katalon.core.webui.keyword.internal.WebUIKeywordMain.stepFailed(WebUIKeywordMain.groovy:64)
	at com.kms.katalon.core.webui.keyword.internal.WebUIKeywordMain.runKeyword(WebUIKeywordMain.groovy:26)
	at com.kms.katalon.core.webui.keyword.builtin.VerifyElementTextKeyword.verifyElementText(VerifyElementTextKeyword.groovy:72)
	at com.kms.katalon.core.webui.keyword.builtin.VerifyElementTextKeyword.execute(VerifyElementTextKeyword.groovy:40)
	at com.kms.katalon.core.keyword.internal.KeywordExecutor.executeKeywordForPlatform(KeywordExecutor.groovy:73)
	at com.kms.katalon.core.webui.keyword.WebUiBuiltInKeywords.verifyElementText(WebUiBuiltInKeywords.groovy:3689)
	at com.kms.katalon.core.webui.keyword.WebUiBuiltInKeywords$verifyElementText$5.call(Unknown Source)
	at WorkflowAnalysisPostFunctionsCounter.run(WorkflowAnalysisPostFunctionsCounter:29)
	at com.kms.katalon.core.main.ScriptEngine.run(ScriptEngine.java:194)
	at com.kms.katalon.core.main.ScriptEngine.runScriptAsRawText(ScriptEngine.java:119)
	at com.kms.katalon.core.main.TestCaseExecutor.runScript(TestCaseExecutor.java:339)
	at com.kms.katalon.core.main.TestCaseExecutor.doExecute(TestCaseExecutor.java:330)
	at com.kms.katalon.core.main.TestCaseExecutor.processExecutionPhase(TestCaseExecutor.java:309)
	at com.kms.katalon.core.main.TestCaseExecutor.accessMainPhase(TestCaseExecutor.java:301)
	at com.kms.katalon.core.main.TestCaseExecutor.execute(TestCaseExecutor.java:235)
	at com.kms.katalon.core.main.TestSuiteExecutor.accessTestCaseMainPhase(TestSuiteExecutor.java:191)
	at com.kms.katalon.core.main.TestSuiteExecutor.accessTestSuiteMainPhase(TestSuiteExecutor.java:141)
	at com.kms.katalon.core.main.TestSuiteExecutor.execute(TestSuiteExecutor.java:90)
	at com.kms.katalon.core.main.TestCaseMain.startTestSuite(TestCaseMain.java:157)
	at com.kms.katalon.core.main.TestCaseMain$startTestSuite$0.call(Unknown Source)
	at TempTestSuite1600332134000.run(TempTestSuite1600332134000.groovy:39)
Caused by: com.kms.katalon.core.exception.StepFailedException: Actual text '5' and expected text '1' of test object 'postFunctionCounter' are NOT matched.
	at com.kms.katalon.core.webui.keyword.internal.WebUIKeywordMain.stepFailed(WebUIKeywordMain.groovy:64)
	at com.kms.katalon.core.webui.keyword.builtin.VerifyElementTextKeyword$_verifyElementText_closure1.doCall(VerifyElementTextKeyword.groovy:57)
	at com.kms.katalon.core.webui.keyword.builtin.VerifyElementTextKeyword$_verifyElementText_closure1.call(VerifyElementTextKeyword.groovy)
	at com.kms.katalon.core.webui.keyword.internal.WebUIKeywordMain.runKeyword(WebUIKeywordMain.groovy:20)
	... 19 more]]></system-out>
      <system-err><![CDATA[2020-09-17 10:42:21 - [TEST_SUITE][FAILED] - short link tests: Test Cases/InProgress/WorkflowAnalysisPostFunctionsCounter FAILED.
Reason:
com.kms.katalon.core.exception.StepFailedException: Verify element text of test object 'postFunctionCounter' FAILED.
	at com.kms.katalon.core.webui.keyword.internal.WebUIKeywordMain.stepFailed(WebUIKeywordMain.groovy:64)
	at com.kms.katalon.core.webui.keyword.internal.WebUIKeywordMain.runKeyword(WebUIKeywordMain.groovy:26)
	at com.kms.katalon.core.webui.keyword.builtin.VerifyElementTextKeyword.verifyElementText(VerifyElementTextKeyword.groovy:72)
	at com.kms.katalon.core.webui.keyword.builtin.VerifyElementTextKeyword.execute(VerifyElementTextKeyword.groovy:40)
	at com.kms.katalon.core.keyword.internal.KeywordExecutor.executeKeywordForPlatform(KeywordExecutor.groovy:73)
	at com.kms.katalon.core.webui.keyword.WebUiBuiltInKeywords.verifyElementText(WebUiBuiltInKeywords.groovy:3689)
	at com.kms.katalon.core.webui.keyword.WebUiBuiltInKeywords$verifyElementText$5.call(Unknown Source)
	at WorkflowAnalysisPostFunctionsCounter.run(WorkflowAnalysisPostFunctionsCounter:29)
	at com.kms.katalon.core.main.ScriptEngine.run(ScriptEngine.java:194)
	at com.kms.katalon.core.main.ScriptEngine.runScriptAsRawText(ScriptEngine.java:119)
	at com.kms.katalon.core.main.TestCaseExecutor.runScript(TestCaseExecutor.java:339)
	at com.kms.katalon.core.main.TestCaseExecutor.doExecute(TestCaseExecutor.java:330)
	at com.kms.katalon.core.main.TestCaseExecutor.processExecutionPhase(TestCaseExecutor.java:309)
	at com.kms.katalon.core.main.TestCaseExecutor.accessMainPhase(TestCaseExecutor.java:301)
	at com.kms.katalon.core.main.TestCaseExecutor.execute(TestCaseExecutor.java:235)
	at com.kms.katalon.core.main.TestSuiteExecutor.accessTestCaseMainPhase(TestSuiteExecutor.java:191)
	at com.kms.katalon.core.main.TestSuiteExecutor.accessTestSuiteMainPhase(TestSuiteExecutor.java:141)
	at com.kms.katalon.core.main.TestSuiteExecutor.execute(TestSuiteExecutor.java:90)
	at com.kms.katalon.core.main.TestCaseMain.startTestSuite(TestCaseMain.java:157)
	at com.kms.katalon.core.main.TestCaseMain$startTestSuite$0.call(Unknown Source)
	at TempTestSuite1600332134000.run(TempTestSuite1600332134000.groovy:39)
Caused by: com.kms.katalon.core.exception.StepFailedException: Actual text '5' and expected text '1' of test object 'postFunctionCounter' are NOT matched.
	at com.kms.katalon.core.webui.keyword.internal.WebUIKeywordMain.stepFailed(WebUIKeywordMain.groovy:64)
	at com.kms.katalon.core.webui.keyword.builtin.VerifyElementTextKeyword$_verifyElementText_closure1.doCall(VerifyElementTextKeyword.groovy:57)
	at com.kms.katalon.core.webui.keyword.builtin.VerifyElementTextKeyword$_verifyElementText_closure1.call(VerifyElementTextKeyword.groovy)
	at com.kms.katalon.core.webui.keyword.internal.WebUIKeywordMain.runKeyword(WebUIKeywordMain.groovy:20)
	... 19 more]]></system-err>
   </testsuite>
</testsuites>
