<?xml version="1.0" encoding="UTF-8"?>
<testsuites name="short link tests" time="113.34" tests="4" failures="4" errors="0">
   <testsuite name="short link tests" tests="4" failures="4" errors="0" time="113.34" timestamp="2020-09-16 09:50:59" hostname="ilove - DESKTOP-AIUFI3G" id="Test Suites/short link tests">
      <properties>
         <property name="deviceName" value=""/>
         <property name="devicePlatform" value=""/>
         <property name="logFolder" value="C:\\Users\\ilove\\git\\Jira_Glass_1.4_Version_Testing\\Reports\\20200916_095057\\short link tests\\20200916_095057"/>
         <property name="logFiles" value="C:\\Users\\ilove\\git\\Jira_Glass_1.4_Version_Testing\\Reports\\20200916_095057\\short link tests\\20200916_095057\\execution0.log"/>
         <property name="attachments" value=""/>
         <property name="hostName" value="ilove - DESKTOP-AIUFI3G"/>
         <property name="os" value="Windows 10 64bit"/>
         <property name="katalonVersion" value="7.6.6.205"/>
         <property name="browser" value="Chrome 85.0.4183.102"/>
         <property name="hostAddress" value="192.168.0.106"/>
         <property name="sessionId" value="01d65f263150604e970b56464143da59"/>
         <property name="seleniumVersion" value="3.141.59"/>
         <property name="proxyInformation" value="ProxyInformation { proxyOption=NO_PROXY, proxyServerType=HTTP, username=, password=********, proxyServerAddress=, proxyServerPort=0, executionList=&quot;&quot;, isApplyToDesiredCapabilities=true }"/>
         <property name="platform" value="Windows 10"/>
      </properties>
      <testcase name="Test Cases/SystemAdminPermissions" time="32.212" classname="Test Cases/SystemAdminPermissions" status="FAILED">
         <failure type="FAILED" message="Test Cases/SystemAdminPermissions FAILED.
Reason:
com.kms.katalon.core.exception.StepFailedException: .
Expected: equals to 'https://jira2.codecool.codecanvas.hu/secure/project/EditProject!default.jspa?pid=10112' with case-sensitive: false.
Actual: https://jira2.codecool.codecanvas.hu/projects/TWT?selectedItem=com.codecanvas.glass:glass
	at com.kms.katalon.core.util.KeywordUtil.markFailedAndStop(KeywordUtil.java:28)
	at com.kms.katalon.core.util.KeywordUtil$markFailedAndStop$0.call(Unknown Source)
	at kms.turing.katalon.plugins.assertj.GenericAssert.handleError(GenericAssert.groovy:71)
	at kms.turing.katalon.plugins.assertj.GenericAssert.handleError(GenericAssert.groovy:85)
	at kms.turing.katalon.plugins.assertj.StringAssert.equals(StringAssert.groovy:103)
	at kms.turing.katalon.plugins.assertj.GenericAssert.invokeMethod(GenericAssert.groovy)
	at com.kms.katalon.core.main.CustomKeywordDelegatingMetaClass.invokeStaticMethod(CustomKeywordDelegatingMetaClass.java:50)
	at SystemAdminPermissions.run(SystemAdminPermissions:47)
	at com.kms.katalon.core.main.ScriptEngine.run(ScriptEngine.java:194)
	at com.kms.katalon.core.main.ScriptEngine.runScriptAsRawText(ScriptEngine.java:119)
	at com.kms.katalon.core.main.TestCaseExecutor.runScript(TestCaseExecutor.java:339)
	at com.kms.katalon.core.main.TestCaseExecutor.doExecute(TestCaseExecutor.java:330)
	at com.kms.katalon.core.main.TestCaseExecutor.processExecutionPhase(TestCaseExecutor.java:309)
	at com.kms.katalon.core.main.TestCaseExecutor.accessMainPhase(TestCaseExecutor.java:301)
	at com.kms.katalon.core.main.TestCaseExecutor.execute(TestCaseExecutor.java:235)
	at com.kms.katalon.core.main.TestSuiteExecutor.accessTestCaseMainPhase(TestSuiteExecutor.java:191)
	at com.kms.katalon.core.main.TestSuiteExecutor.accessTestSuiteMainPhase(TestSuiteExecutor.java:141)
	at com.kms.katalon.core.main.TestSuiteExecutor.execute(TestSuiteExecutor.java:90)
	at com.kms.katalon.core.main.TestCaseMain.startTestSuite(TestCaseMain.java:157)
	at com.kms.katalon.core.main.TestCaseMain$startTestSuite$0.call(Unknown Source)
	at TempTestSuite1600242657288.run(TempTestSuite1600242657288.groovy:39)
"/>
         <system-out><![CDATA[2020-09-16 09:50:59 - [TEST_CASE][FAILED] - Test Cases/SystemAdminPermissions: Test Cases/SystemAdminPermissions FAILED.
Reason:
com.kms.katalon.core.exception.StepFailedException: .
Expected: equals to 'https://jira2.codecool.codecanvas.hu/secure/project/EditProject!default.jspa?pid=10112' with case-sensitive: false.
Actual: https://jira2.codecool.codecanvas.hu/projects/TWT?selectedItem=com.codecanvas.glass:glass
	at com.kms.katalon.core.util.KeywordUtil.markFailedAndStop(KeywordUtil.java:28)
	at com.kms.katalon.core.util.KeywordUtil$markFailedAndStop$0.call(Unknown Source)
	at kms.turing.katalon.plugins.assertj.GenericAssert.handleError(GenericAssert.groovy:71)
	at kms.turing.katalon.plugins.assertj.GenericAssert.handleError(GenericAssert.groovy:85)
	at kms.turing.katalon.plugins.assertj.StringAssert.equals(StringAssert.groovy:103)
	at kms.turing.katalon.plugins.assertj.GenericAssert.invokeMethod(GenericAssert.groovy)
	at com.kms.katalon.core.main.CustomKeywordDelegatingMetaClass.invokeStaticMethod(CustomKeywordDelegatingMetaClass.java:50)
	at SystemAdminPermissions.run(SystemAdminPermissions:47)
	at com.kms.katalon.core.main.ScriptEngine.run(ScriptEngine.java:194)
	at com.kms.katalon.core.main.ScriptEngine.runScriptAsRawText(ScriptEngine.java:119)
	at com.kms.katalon.core.main.TestCaseExecutor.runScript(TestCaseExecutor.java:339)
	at com.kms.katalon.core.main.TestCaseExecutor.doExecute(TestCaseExecutor.java:330)
	at com.kms.katalon.core.main.TestCaseExecutor.processExecutionPhase(TestCaseExecutor.java:309)
	at com.kms.katalon.core.main.TestCaseExecutor.accessMainPhase(TestCaseExecutor.java:301)
	at com.kms.katalon.core.main.TestCaseExecutor.execute(TestCaseExecutor.java:235)
	at com.kms.katalon.core.main.TestSuiteExecutor.accessTestCaseMainPhase(TestSuiteExecutor.java:191)
	at com.kms.katalon.core.main.TestSuiteExecutor.accessTestSuiteMainPhase(TestSuiteExecutor.java:141)
	at com.kms.katalon.core.main.TestSuiteExecutor.execute(TestSuiteExecutor.java:90)
	at com.kms.katalon.core.main.TestCaseMain.startTestSuite(TestCaseMain.java:157)
	at com.kms.katalon.core.main.TestCaseMain$startTestSuite$0.call(Unknown Source)
	at TempTestSuite1600242657288.run(TempTestSuite1600242657288.groovy:39)


2020-09-16 09:51:00 - [TEST_STEP][PASSED] - xpath = "//span[@class='aui-icon aui-icon-small aui-iconfont-sidebar-link glass-middle-position']/ancestor::a[@href='" + root + "']": null

2020-09-16 09:51:00 - [TEST_STEP][PASSED] - tObject = new com.kms.katalon.core.testobject.TestObject(sortCut): null

2020-09-16 09:51:00 - [TEST_STEP][PASSED] - tObject.addProperty("xpath", EQUALS, xpath): null

2020-09-16 09:51:00 - [TEST_STEP][PASSED] - tab = new com.kms.katalon.core.testobject.TestObject(clickableTab): null

2020-09-16 09:51:00 - [TEST_STEP][PASSED] - tab.addProperty("xpath", EQUALS, clickableTab): null

2020-09-16 09:51:00 - [TEST_STEP][PASSED] - topTestKeywords.Login.openBrowser(): topTestKeywords.Login.openBrowser is PASSED

2020-09-16 09:51:00 - [MESSAGE][INFO] - Starting 'Chrome' driver

2020-09-16 09:51:01 - [MESSAGE][INFO] - Action delay is set to 0 milliseconds

2020-09-16 09:51:04 - [MESSAGE][PASSED] - Browser is opened with url: ''

2020-09-16 09:51:07 - [MESSAGE][PASSED] - Current window maximized

2020-09-16 09:51:08 - [MESSAGE][PASSED] - Navigate to 'https://jira2.codecool.codecanvas.hu' successfully

2020-09-16 09:51:08 - [MESSAGE][PASSED] - topTestKeywords.Login.openBrowser is PASSED

2020-09-16 09:51:08 - [TEST_STEP][PASSED] - topTestKeywords.Login.loginAsUser(SystemAdminUsername, SystemAdminPassword): topTestKeywords.Login.loginAsUser is PASSED

2020-09-16 09:51:09 - [MESSAGE][PASSED] - Text 'codecooladmin' is set on object 'Object Repository/Page_System Dashboard - Jira/Username Field'

2020-09-16 09:51:10 - [MESSAGE][PASSED] - Text '2019Aprilis1' is set on object 'Object Repository/Page_System Dashboard - Jira/Password Field'

2020-09-16 09:51:10 - [MESSAGE][PASSED] - Object: 'Object Repository/Page_System Dashboard - Jira/Login Button' is clicked on

2020-09-16 09:51:15 - [MESSAGE][PASSED] - Object 'Object Repository/Page_System Dashboard - Jira/User Avatar' is visible

2020-09-16 09:51:15 - [MESSAGE][PASSED] - topTestKeywords.Login.loginAsUser is PASSED

2020-09-16 09:51:15 - [TEST_STEP][PASSED] - navigateToUrl(BaseURL + "/projects/TWT?selectedItem=com.codecanvas.glass:glass"): Navigate to 'https://jira2.codecool.codecanvas.hu/projects/TWT?selectedItem=com.codecanvas.glass:glass' successfully

2020-09-16 09:51:18 - [MESSAGE][PASSED] - Navigate to 'https://jira2.codecool.codecanvas.hu/projects/TWT?selectedItem=com.codecanvas.glass:glass' successfully

2020-09-16 09:51:18 - [TEST_STEP][PASSED] - waitForElementVisible(tab, 10): Object 'clickableTab' is visible

2020-09-16 09:51:19 - [MESSAGE][PASSED] - Object 'clickableTab' is visible

2020-09-16 09:51:19 - [TEST_STEP][PASSED] - click(tab): Object: 'clickableTab' is clicked on

2020-09-16 09:51:19 - [MESSAGE][PASSED] - Object: 'clickableTab' is clicked on

2020-09-16 09:51:19 - [TEST_STEP][PASSED] - verifyElementPresent(tObject, 10): Object 'sortCut' is present

2020-09-16 09:51:20 - [MESSAGE][PASSED] - Object 'sortCut' is present

2020-09-16 09:51:20 - [TEST_STEP][PASSED] - click(tObject): Object: 'sortCut' is clicked on

2020-09-16 09:51:20 - [MESSAGE][PASSED] - Object: 'sortCut' is clicked on

2020-09-16 09:51:20 - [TEST_STEP][PASSED] - waitForElementVisible(findTestObject("Object Repository/Project settings/Project Settings Title"), 10): Web element with id: 'Object Repository/Project settings/Project Settings Title' located by '//h1[@id='project-config-header-name']' not found

2020-09-16 09:51:32 - [MESSAGE][INFO] - Unable to find the element located by 'By.xpath: //h1[@id='project-config-header-name']'. Please recheck the objects properties to make sure the desired element is located. 

2020-09-16 09:51:32 - [MESSAGE][WARNING] - Web element with id: 'Object Repository/Project settings/Project Settings Title' located by '//h1[@id='project-config-header-name']' not found

2020-09-16 09:51:32 - [TEST_STEP][FAILED] - kms.turing.katalon.plugins.assertj.StringAssert.equals(getUrl(), expectedUrl, false, "", STOP_ON_FAILURE): .
Expected: equals to 'https://jira2.codecool.codecanvas.hu/secure/project/EditProject!default.jspa?pid=10112' with case-sensitive: false.
Actual: https://jira2.codecool.codecanvas.hu/projects/TWT?selectedItem=com.codecanvas.glass:glass

2020-09-16 09:51:32 - [MESSAGE][PASSED] - Current window's url is: 'https://jira2.codecool.codecanvas.hu/projects/TWT?selectedItem=com.codecanvas.glass:glass'

2020-09-16 09:51:32 - [MESSAGE][INFO] -  with case-sensitive: false

2020-09-16 09:51:32 - [MESSAGE][FAILED] - .
Expected: equals to 'https://jira2.codecool.codecanvas.hu/secure/project/EditProject!default.jspa?pid=10112' with case-sensitive: false.
Actual: https://jira2.codecool.codecanvas.hu/projects/TWT?selectedItem=com.codecanvas.glass:glass]]></system-out>
         <system-err><![CDATA[2020-09-16 09:50:59 - [TEST_CASE][FAILED] - Test Cases/SystemAdminPermissions: Test Cases/SystemAdminPermissions FAILED.
Reason:
com.kms.katalon.core.exception.StepFailedException: .
Expected: equals to 'https://jira2.codecool.codecanvas.hu/secure/project/EditProject!default.jspa?pid=10112' with case-sensitive: false.
Actual: https://jira2.codecool.codecanvas.hu/projects/TWT?selectedItem=com.codecanvas.glass:glass
	at com.kms.katalon.core.util.KeywordUtil.markFailedAndStop(KeywordUtil.java:28)
	at com.kms.katalon.core.util.KeywordUtil$markFailedAndStop$0.call(Unknown Source)
	at kms.turing.katalon.plugins.assertj.GenericAssert.handleError(GenericAssert.groovy:71)
	at kms.turing.katalon.plugins.assertj.GenericAssert.handleError(GenericAssert.groovy:85)
	at kms.turing.katalon.plugins.assertj.StringAssert.equals(StringAssert.groovy:103)
	at kms.turing.katalon.plugins.assertj.GenericAssert.invokeMethod(GenericAssert.groovy)
	at com.kms.katalon.core.main.CustomKeywordDelegatingMetaClass.invokeStaticMethod(CustomKeywordDelegatingMetaClass.java:50)
	at SystemAdminPermissions.run(SystemAdminPermissions:47)
	at com.kms.katalon.core.main.ScriptEngine.run(ScriptEngine.java:194)
	at com.kms.katalon.core.main.ScriptEngine.runScriptAsRawText(ScriptEngine.java:119)
	at com.kms.katalon.core.main.TestCaseExecutor.runScript(TestCaseExecutor.java:339)
	at com.kms.katalon.core.main.TestCaseExecutor.doExecute(TestCaseExecutor.java:330)
	at com.kms.katalon.core.main.TestCaseExecutor.processExecutionPhase(TestCaseExecutor.java:309)
	at com.kms.katalon.core.main.TestCaseExecutor.accessMainPhase(TestCaseExecutor.java:301)
	at com.kms.katalon.core.main.TestCaseExecutor.execute(TestCaseExecutor.java:235)
	at com.kms.katalon.core.main.TestSuiteExecutor.accessTestCaseMainPhase(TestSuiteExecutor.java:191)
	at com.kms.katalon.core.main.TestSuiteExecutor.accessTestSuiteMainPhase(TestSuiteExecutor.java:141)
	at com.kms.katalon.core.main.TestSuiteExecutor.execute(TestSuiteExecutor.java:90)
	at com.kms.katalon.core.main.TestCaseMain.startTestSuite(TestCaseMain.java:157)
	at com.kms.katalon.core.main.TestCaseMain$startTestSuite$0.call(Unknown Source)
	at TempTestSuite1600242657288.run(TempTestSuite1600242657288.groovy:39)]]></system-err>
      </testcase>
      <testcase name="Test Cases/SystemAdminPermissions" time="25.856" classname="Test Cases/SystemAdminPermissions" status="FAILED">
         <failure type="FAILED" message="Test Cases/SystemAdminPermissions FAILED.
Reason:
com.kms.katalon.core.exception.StepFailedException: .
Expected: equals to 'https://jira2.codecool.codecanvas.hu/plugins/servlet/project-config/TWT/roles' with case-sensitive: false.
Actual: https://jira2.codecool.codecanvas.hu/projects/TWT?selectedItem=com.codecanvas.glass:glass
	at com.kms.katalon.core.util.KeywordUtil.markFailedAndStop(KeywordUtil.java:28)
	at com.kms.katalon.core.util.KeywordUtil$markFailedAndStop$0.call(Unknown Source)
	at kms.turing.katalon.plugins.assertj.GenericAssert.handleError(GenericAssert.groovy:71)
	at kms.turing.katalon.plugins.assertj.GenericAssert.handleError(GenericAssert.groovy:85)
	at kms.turing.katalon.plugins.assertj.StringAssert.equals(StringAssert.groovy:103)
	at kms.turing.katalon.plugins.assertj.GenericAssert.invokeMethod(GenericAssert.groovy)
	at com.kms.katalon.core.main.CustomKeywordDelegatingMetaClass.invokeStaticMethod(CustomKeywordDelegatingMetaClass.java:50)
	at SystemAdminPermissions.run(SystemAdminPermissions:47)
	at com.kms.katalon.core.main.ScriptEngine.run(ScriptEngine.java:194)
	at com.kms.katalon.core.main.ScriptEngine.runScriptAsRawText(ScriptEngine.java:119)
	at com.kms.katalon.core.main.TestCaseExecutor.runScript(TestCaseExecutor.java:339)
	at com.kms.katalon.core.main.TestCaseExecutor.doExecute(TestCaseExecutor.java:330)
	at com.kms.katalon.core.main.TestCaseExecutor.processExecutionPhase(TestCaseExecutor.java:309)
	at com.kms.katalon.core.main.TestCaseExecutor.accessMainPhase(TestCaseExecutor.java:301)
	at com.kms.katalon.core.main.TestCaseExecutor.execute(TestCaseExecutor.java:235)
	at com.kms.katalon.core.main.TestSuiteExecutor.accessTestCaseMainPhase(TestSuiteExecutor.java:191)
	at com.kms.katalon.core.main.TestSuiteExecutor.accessTestSuiteMainPhase(TestSuiteExecutor.java:141)
	at com.kms.katalon.core.main.TestSuiteExecutor.execute(TestSuiteExecutor.java:90)
	at com.kms.katalon.core.main.TestCaseMain.startTestSuite(TestCaseMain.java:157)
	at com.kms.katalon.core.main.TestCaseMain$startTestSuite$0.call(Unknown Source)
	at TempTestSuite1600242657288.run(TempTestSuite1600242657288.groovy:39)
"/>
         <system-out><![CDATA[2020-09-16 09:51:32 - [TEST_CASE][FAILED] - Test Cases/SystemAdminPermissions: Test Cases/SystemAdminPermissions FAILED.
Reason:
com.kms.katalon.core.exception.StepFailedException: .
Expected: equals to 'https://jira2.codecool.codecanvas.hu/plugins/servlet/project-config/TWT/roles' with case-sensitive: false.
Actual: https://jira2.codecool.codecanvas.hu/projects/TWT?selectedItem=com.codecanvas.glass:glass
	at com.kms.katalon.core.util.KeywordUtil.markFailedAndStop(KeywordUtil.java:28)
	at com.kms.katalon.core.util.KeywordUtil$markFailedAndStop$0.call(Unknown Source)
	at kms.turing.katalon.plugins.assertj.GenericAssert.handleError(GenericAssert.groovy:71)
	at kms.turing.katalon.plugins.assertj.GenericAssert.handleError(GenericAssert.groovy:85)
	at kms.turing.katalon.plugins.assertj.StringAssert.equals(StringAssert.groovy:103)
	at kms.turing.katalon.plugins.assertj.GenericAssert.invokeMethod(GenericAssert.groovy)
	at com.kms.katalon.core.main.CustomKeywordDelegatingMetaClass.invokeStaticMethod(CustomKeywordDelegatingMetaClass.java:50)
	at SystemAdminPermissions.run(SystemAdminPermissions:47)
	at com.kms.katalon.core.main.ScriptEngine.run(ScriptEngine.java:194)
	at com.kms.katalon.core.main.ScriptEngine.runScriptAsRawText(ScriptEngine.java:119)
	at com.kms.katalon.core.main.TestCaseExecutor.runScript(TestCaseExecutor.java:339)
	at com.kms.katalon.core.main.TestCaseExecutor.doExecute(TestCaseExecutor.java:330)
	at com.kms.katalon.core.main.TestCaseExecutor.processExecutionPhase(TestCaseExecutor.java:309)
	at com.kms.katalon.core.main.TestCaseExecutor.accessMainPhase(TestCaseExecutor.java:301)
	at com.kms.katalon.core.main.TestCaseExecutor.execute(TestCaseExecutor.java:235)
	at com.kms.katalon.core.main.TestSuiteExecutor.accessTestCaseMainPhase(TestSuiteExecutor.java:191)
	at com.kms.katalon.core.main.TestSuiteExecutor.accessTestSuiteMainPhase(TestSuiteExecutor.java:141)
	at com.kms.katalon.core.main.TestSuiteExecutor.execute(TestSuiteExecutor.java:90)
	at com.kms.katalon.core.main.TestCaseMain.startTestSuite(TestCaseMain.java:157)
	at com.kms.katalon.core.main.TestCaseMain$startTestSuite$0.call(Unknown Source)
	at TempTestSuite1600242657288.run(TempTestSuite1600242657288.groovy:39)


2020-09-16 09:51:32 - [TEST_STEP][PASSED] - xpath = "//span[@class='aui-icon aui-icon-small aui-iconfont-sidebar-link glass-middle-position']/ancestor::a[@href='" + root + "']": null

2020-09-16 09:51:32 - [TEST_STEP][PASSED] - tObject = new com.kms.katalon.core.testobject.TestObject(sortCut): null

2020-09-16 09:51:32 - [TEST_STEP][PASSED] - tObject.addProperty("xpath", EQUALS, xpath): null

2020-09-16 09:51:32 - [TEST_STEP][PASSED] - tab = new com.kms.katalon.core.testobject.TestObject(clickableTab): null

2020-09-16 09:51:32 - [TEST_STEP][PASSED] - tab.addProperty("xpath", EQUALS, clickableTab): null

2020-09-16 09:51:32 - [TEST_STEP][PASSED] - topTestKeywords.Login.openBrowser(): topTestKeywords.Login.openBrowser is PASSED

2020-09-16 09:51:32 - [MESSAGE][WARNING] - A browser is already opened. Closing browser and opening a new one

2020-09-16 09:51:32 - [MESSAGE][INFO] - Starting 'Chrome' driver

2020-09-16 09:51:32 - [MESSAGE][INFO] - Action delay is set to 0 milliseconds

2020-09-16 09:51:36 - [MESSAGE][PASSED] - Browser is opened with url: ''

2020-09-16 09:51:38 - [MESSAGE][PASSED] - Current window maximized

2020-09-16 09:51:39 - [MESSAGE][PASSED] - Navigate to 'https://jira2.codecool.codecanvas.hu' successfully

2020-09-16 09:51:39 - [MESSAGE][PASSED] - topTestKeywords.Login.openBrowser is PASSED

2020-09-16 09:51:39 - [TEST_STEP][PASSED] - topTestKeywords.Login.loginAsUser(SystemAdminUsername, SystemAdminPassword): topTestKeywords.Login.loginAsUser is PASSED

2020-09-16 09:51:40 - [MESSAGE][PASSED] - Text 'codecooladmin' is set on object 'Object Repository/Page_System Dashboard - Jira/Username Field'

2020-09-16 09:51:40 - [MESSAGE][PASSED] - Text '2019Aprilis1' is set on object 'Object Repository/Page_System Dashboard - Jira/Password Field'

2020-09-16 09:51:41 - [MESSAGE][PASSED] - Object: 'Object Repository/Page_System Dashboard - Jira/Login Button' is clicked on

2020-09-16 09:51:42 - [MESSAGE][PASSED] - Object 'Object Repository/Page_System Dashboard - Jira/User Avatar' is visible

2020-09-16 09:51:42 - [MESSAGE][PASSED] - topTestKeywords.Login.loginAsUser is PASSED

2020-09-16 09:51:42 - [TEST_STEP][PASSED] - navigateToUrl(BaseURL + "/projects/TWT?selectedItem=com.codecanvas.glass:glass"): Navigate to 'https://jira2.codecool.codecanvas.hu/projects/TWT?selectedItem=com.codecanvas.glass:glass' successfully

2020-09-16 09:51:44 - [MESSAGE][PASSED] - Navigate to 'https://jira2.codecool.codecanvas.hu/projects/TWT?selectedItem=com.codecanvas.glass:glass' successfully

2020-09-16 09:51:44 - [TEST_STEP][PASSED] - waitForElementVisible(tab, 10): Object 'clickableTab' is visible

2020-09-16 09:51:45 - [MESSAGE][PASSED] - Object 'clickableTab' is visible

2020-09-16 09:51:45 - [TEST_STEP][PASSED] - click(tab): Object: 'clickableTab' is clicked on

2020-09-16 09:51:45 - [MESSAGE][PASSED] - Object: 'clickableTab' is clicked on

2020-09-16 09:51:45 - [TEST_STEP][PASSED] - verifyElementPresent(tObject, 10): Object 'sortCut' is present

2020-09-16 09:51:46 - [MESSAGE][PASSED] - Object 'sortCut' is present

2020-09-16 09:51:46 - [TEST_STEP][PASSED] - click(tObject): Object: 'sortCut' is clicked on

2020-09-16 09:51:46 - [MESSAGE][PASSED] - Object: 'sortCut' is clicked on

2020-09-16 09:51:46 - [TEST_STEP][PASSED] - waitForElementVisible(findTestObject("Object Repository/Project settings/Project Settings Title"), 10): Web element with id: 'Object Repository/Project settings/Project Settings Title' located by '//h1[@id='project-config-header-name']' not found

2020-09-16 09:51:57 - [MESSAGE][INFO] - Unable to find the element located by 'By.xpath: //h1[@id='project-config-header-name']'. Please recheck the objects properties to make sure the desired element is located. 

2020-09-16 09:51:57 - [MESSAGE][WARNING] - Web element with id: 'Object Repository/Project settings/Project Settings Title' located by '//h1[@id='project-config-header-name']' not found

2020-09-16 09:51:57 - [TEST_STEP][FAILED] - kms.turing.katalon.plugins.assertj.StringAssert.equals(getUrl(), expectedUrl, false, "", STOP_ON_FAILURE): .
Expected: equals to 'https://jira2.codecool.codecanvas.hu/plugins/servlet/project-config/TWT/roles' with case-sensitive: false.
Actual: https://jira2.codecool.codecanvas.hu/projects/TWT?selectedItem=com.codecanvas.glass:glass

2020-09-16 09:51:57 - [MESSAGE][PASSED] - Current window's url is: 'https://jira2.codecool.codecanvas.hu/projects/TWT?selectedItem=com.codecanvas.glass:glass'

2020-09-16 09:51:57 - [MESSAGE][INFO] -  with case-sensitive: false

2020-09-16 09:51:57 - [MESSAGE][FAILED] - .
Expected: equals to 'https://jira2.codecool.codecanvas.hu/plugins/servlet/project-config/TWT/roles' with case-sensitive: false.
Actual: https://jira2.codecool.codecanvas.hu/projects/TWT?selectedItem=com.codecanvas.glass:glass]]></system-out>
         <system-err><![CDATA[2020-09-16 09:51:32 - [TEST_CASE][FAILED] - Test Cases/SystemAdminPermissions: Test Cases/SystemAdminPermissions FAILED.
Reason:
com.kms.katalon.core.exception.StepFailedException: .
Expected: equals to 'https://jira2.codecool.codecanvas.hu/plugins/servlet/project-config/TWT/roles' with case-sensitive: false.
Actual: https://jira2.codecool.codecanvas.hu/projects/TWT?selectedItem=com.codecanvas.glass:glass
	at com.kms.katalon.core.util.KeywordUtil.markFailedAndStop(KeywordUtil.java:28)
	at com.kms.katalon.core.util.KeywordUtil$markFailedAndStop$0.call(Unknown Source)
	at kms.turing.katalon.plugins.assertj.GenericAssert.handleError(GenericAssert.groovy:71)
	at kms.turing.katalon.plugins.assertj.GenericAssert.handleError(GenericAssert.groovy:85)
	at kms.turing.katalon.plugins.assertj.StringAssert.equals(StringAssert.groovy:103)
	at kms.turing.katalon.plugins.assertj.GenericAssert.invokeMethod(GenericAssert.groovy)
	at com.kms.katalon.core.main.CustomKeywordDelegatingMetaClass.invokeStaticMethod(CustomKeywordDelegatingMetaClass.java:50)
	at SystemAdminPermissions.run(SystemAdminPermissions:47)
	at com.kms.katalon.core.main.ScriptEngine.run(ScriptEngine.java:194)
	at com.kms.katalon.core.main.ScriptEngine.runScriptAsRawText(ScriptEngine.java:119)
	at com.kms.katalon.core.main.TestCaseExecutor.runScript(TestCaseExecutor.java:339)
	at com.kms.katalon.core.main.TestCaseExecutor.doExecute(TestCaseExecutor.java:330)
	at com.kms.katalon.core.main.TestCaseExecutor.processExecutionPhase(TestCaseExecutor.java:309)
	at com.kms.katalon.core.main.TestCaseExecutor.accessMainPhase(TestCaseExecutor.java:301)
	at com.kms.katalon.core.main.TestCaseExecutor.execute(TestCaseExecutor.java:235)
	at com.kms.katalon.core.main.TestSuiteExecutor.accessTestCaseMainPhase(TestSuiteExecutor.java:191)
	at com.kms.katalon.core.main.TestSuiteExecutor.accessTestSuiteMainPhase(TestSuiteExecutor.java:141)
	at com.kms.katalon.core.main.TestSuiteExecutor.execute(TestSuiteExecutor.java:90)
	at com.kms.katalon.core.main.TestCaseMain.startTestSuite(TestCaseMain.java:157)
	at com.kms.katalon.core.main.TestCaseMain$startTestSuite$0.call(Unknown Source)
	at TempTestSuite1600242657288.run(TempTestSuite1600242657288.groovy:39)]]></system-err>
      </testcase>
      <testcase name="Test Cases/SystemAdminPermissions" time="27.002" classname="Test Cases/SystemAdminPermissions" status="FAILED">
         <failure type="FAILED" message="Test Cases/SystemAdminPermissions FAILED.
Reason:
com.kms.katalon.core.exception.StepFailedException: .
Expected: equals to 'https://jira2.codecool.codecanvas.hu/plugins/servlet/project-config/TWT/permissions' with case-sensitive: false.
Actual: https://jira2.codecool.codecanvas.hu/projects/TWT?selectedItem=com.codecanvas.glass:glass
	at com.kms.katalon.core.util.KeywordUtil.markFailedAndStop(KeywordUtil.java:28)
	at com.kms.katalon.core.util.KeywordUtil$markFailedAndStop$0.call(Unknown Source)
	at kms.turing.katalon.plugins.assertj.GenericAssert.handleError(GenericAssert.groovy:71)
	at kms.turing.katalon.plugins.assertj.GenericAssert.handleError(GenericAssert.groovy:85)
	at kms.turing.katalon.plugins.assertj.StringAssert.equals(StringAssert.groovy:103)
	at kms.turing.katalon.plugins.assertj.GenericAssert.invokeMethod(GenericAssert.groovy)
	at com.kms.katalon.core.main.CustomKeywordDelegatingMetaClass.invokeStaticMethod(CustomKeywordDelegatingMetaClass.java:50)
	at SystemAdminPermissions.run(SystemAdminPermissions:47)
	at com.kms.katalon.core.main.ScriptEngine.run(ScriptEngine.java:194)
	at com.kms.katalon.core.main.ScriptEngine.runScriptAsRawText(ScriptEngine.java:119)
	at com.kms.katalon.core.main.TestCaseExecutor.runScript(TestCaseExecutor.java:339)
	at com.kms.katalon.core.main.TestCaseExecutor.doExecute(TestCaseExecutor.java:330)
	at com.kms.katalon.core.main.TestCaseExecutor.processExecutionPhase(TestCaseExecutor.java:309)
	at com.kms.katalon.core.main.TestCaseExecutor.accessMainPhase(TestCaseExecutor.java:301)
	at com.kms.katalon.core.main.TestCaseExecutor.execute(TestCaseExecutor.java:235)
	at com.kms.katalon.core.main.TestSuiteExecutor.accessTestCaseMainPhase(TestSuiteExecutor.java:191)
	at com.kms.katalon.core.main.TestSuiteExecutor.accessTestSuiteMainPhase(TestSuiteExecutor.java:141)
	at com.kms.katalon.core.main.TestSuiteExecutor.execute(TestSuiteExecutor.java:90)
	at com.kms.katalon.core.main.TestCaseMain.startTestSuite(TestCaseMain.java:157)
	at com.kms.katalon.core.main.TestCaseMain$startTestSuite$0.call(Unknown Source)
	at TempTestSuite1600242657288.run(TempTestSuite1600242657288.groovy:39)
"/>
         <system-out><![CDATA[2020-09-16 09:51:58 - [TEST_CASE][FAILED] - Test Cases/SystemAdminPermissions: Test Cases/SystemAdminPermissions FAILED.
Reason:
com.kms.katalon.core.exception.StepFailedException: .
Expected: equals to 'https://jira2.codecool.codecanvas.hu/plugins/servlet/project-config/TWT/permissions' with case-sensitive: false.
Actual: https://jira2.codecool.codecanvas.hu/projects/TWT?selectedItem=com.codecanvas.glass:glass
	at com.kms.katalon.core.util.KeywordUtil.markFailedAndStop(KeywordUtil.java:28)
	at com.kms.katalon.core.util.KeywordUtil$markFailedAndStop$0.call(Unknown Source)
	at kms.turing.katalon.plugins.assertj.GenericAssert.handleError(GenericAssert.groovy:71)
	at kms.turing.katalon.plugins.assertj.GenericAssert.handleError(GenericAssert.groovy:85)
	at kms.turing.katalon.plugins.assertj.StringAssert.equals(StringAssert.groovy:103)
	at kms.turing.katalon.plugins.assertj.GenericAssert.invokeMethod(GenericAssert.groovy)
	at com.kms.katalon.core.main.CustomKeywordDelegatingMetaClass.invokeStaticMethod(CustomKeywordDelegatingMetaClass.java:50)
	at SystemAdminPermissions.run(SystemAdminPermissions:47)
	at com.kms.katalon.core.main.ScriptEngine.run(ScriptEngine.java:194)
	at com.kms.katalon.core.main.ScriptEngine.runScriptAsRawText(ScriptEngine.java:119)
	at com.kms.katalon.core.main.TestCaseExecutor.runScript(TestCaseExecutor.java:339)
	at com.kms.katalon.core.main.TestCaseExecutor.doExecute(TestCaseExecutor.java:330)
	at com.kms.katalon.core.main.TestCaseExecutor.processExecutionPhase(TestCaseExecutor.java:309)
	at com.kms.katalon.core.main.TestCaseExecutor.accessMainPhase(TestCaseExecutor.java:301)
	at com.kms.katalon.core.main.TestCaseExecutor.execute(TestCaseExecutor.java:235)
	at com.kms.katalon.core.main.TestSuiteExecutor.accessTestCaseMainPhase(TestSuiteExecutor.java:191)
	at com.kms.katalon.core.main.TestSuiteExecutor.accessTestSuiteMainPhase(TestSuiteExecutor.java:141)
	at com.kms.katalon.core.main.TestSuiteExecutor.execute(TestSuiteExecutor.java:90)
	at com.kms.katalon.core.main.TestCaseMain.startTestSuite(TestCaseMain.java:157)
	at com.kms.katalon.core.main.TestCaseMain$startTestSuite$0.call(Unknown Source)
	at TempTestSuite1600242657288.run(TempTestSuite1600242657288.groovy:39)


2020-09-16 09:51:58 - [TEST_STEP][PASSED] - xpath = "//span[@class='aui-icon aui-icon-small aui-iconfont-sidebar-link glass-middle-position']/ancestor::a[@href='" + root + "']": null

2020-09-16 09:51:58 - [TEST_STEP][PASSED] - tObject = new com.kms.katalon.core.testobject.TestObject(sortCut): null

2020-09-16 09:51:58 - [TEST_STEP][PASSED] - tObject.addProperty("xpath", EQUALS, xpath): null

2020-09-16 09:51:58 - [TEST_STEP][PASSED] - tab = new com.kms.katalon.core.testobject.TestObject(clickableTab): null

2020-09-16 09:51:58 - [TEST_STEP][PASSED] - tab.addProperty("xpath", EQUALS, clickableTab): null

2020-09-16 09:51:58 - [TEST_STEP][PASSED] - topTestKeywords.Login.openBrowser(): topTestKeywords.Login.openBrowser is PASSED

2020-09-16 09:51:58 - [MESSAGE][WARNING] - A browser is already opened. Closing browser and opening a new one

2020-09-16 09:51:58 - [MESSAGE][INFO] - Starting 'Chrome' driver

2020-09-16 09:51:58 - [MESSAGE][INFO] - Action delay is set to 0 milliseconds

2020-09-16 09:52:01 - [MESSAGE][PASSED] - Browser is opened with url: ''

2020-09-16 09:52:03 - [MESSAGE][PASSED] - Current window maximized

2020-09-16 09:52:05 - [MESSAGE][PASSED] - Navigate to 'https://jira2.codecool.codecanvas.hu' successfully

2020-09-16 09:52:05 - [MESSAGE][PASSED] - topTestKeywords.Login.openBrowser is PASSED

2020-09-16 09:52:05 - [TEST_STEP][PASSED] - topTestKeywords.Login.loginAsUser(SystemAdminUsername, SystemAdminPassword): topTestKeywords.Login.loginAsUser is PASSED

2020-09-16 09:52:06 - [MESSAGE][PASSED] - Text 'codecooladmin' is set on object 'Object Repository/Page_System Dashboard - Jira/Username Field'

2020-09-16 09:52:06 - [MESSAGE][PASSED] - Text '2019Aprilis1' is set on object 'Object Repository/Page_System Dashboard - Jira/Password Field'

2020-09-16 09:52:06 - [MESSAGE][PASSED] - Object: 'Object Repository/Page_System Dashboard - Jira/Login Button' is clicked on

2020-09-16 09:52:08 - [MESSAGE][PASSED] - Object 'Object Repository/Page_System Dashboard - Jira/User Avatar' is visible

2020-09-16 09:52:08 - [MESSAGE][PASSED] - topTestKeywords.Login.loginAsUser is PASSED

2020-09-16 09:52:08 - [TEST_STEP][PASSED] - navigateToUrl(BaseURL + "/projects/TWT?selectedItem=com.codecanvas.glass:glass"): Navigate to 'https://jira2.codecool.codecanvas.hu/projects/TWT?selectedItem=com.codecanvas.glass:glass' successfully

2020-09-16 09:52:10 - [MESSAGE][PASSED] - Navigate to 'https://jira2.codecool.codecanvas.hu/projects/TWT?selectedItem=com.codecanvas.glass:glass' successfully

2020-09-16 09:52:10 - [TEST_STEP][PASSED] - waitForElementVisible(tab, 10): Object 'clickableTab' is visible

2020-09-16 09:52:11 - [MESSAGE][PASSED] - Object 'clickableTab' is visible

2020-09-16 09:52:11 - [TEST_STEP][PASSED] - click(tab): Object: 'clickableTab' is clicked on

2020-09-16 09:52:12 - [MESSAGE][PASSED] - Object: 'clickableTab' is clicked on

2020-09-16 09:52:12 - [TEST_STEP][PASSED] - verifyElementPresent(tObject, 10): Object 'sortCut' is present

2020-09-16 09:52:12 - [MESSAGE][PASSED] - Object 'sortCut' is present

2020-09-16 09:52:12 - [TEST_STEP][PASSED] - click(tObject): Object: 'sortCut' is clicked on

2020-09-16 09:52:12 - [MESSAGE][PASSED] - Object: 'sortCut' is clicked on

2020-09-16 09:52:12 - [TEST_STEP][PASSED] - waitForElementVisible(findTestObject("Object Repository/Project settings/Project Settings Title"), 10): Web element with id: 'Object Repository/Project settings/Project Settings Title' located by '//h1[@id='project-config-header-name']' not found

2020-09-16 09:52:25 - [MESSAGE][INFO] - Unable to find the element located by 'By.xpath: //h1[@id='project-config-header-name']'. Please recheck the objects properties to make sure the desired element is located. 

2020-09-16 09:52:25 - [MESSAGE][WARNING] - Web element with id: 'Object Repository/Project settings/Project Settings Title' located by '//h1[@id='project-config-header-name']' not found

2020-09-16 09:52:25 - [TEST_STEP][FAILED] - kms.turing.katalon.plugins.assertj.StringAssert.equals(getUrl(), expectedUrl, false, "", STOP_ON_FAILURE): .
Expected: equals to 'https://jira2.codecool.codecanvas.hu/plugins/servlet/project-config/TWT/permissions' with case-sensitive: false.
Actual: https://jira2.codecool.codecanvas.hu/projects/TWT?selectedItem=com.codecanvas.glass:glass

2020-09-16 09:52:25 - [MESSAGE][PASSED] - Current window's url is: 'https://jira2.codecool.codecanvas.hu/projects/TWT?selectedItem=com.codecanvas.glass:glass'

2020-09-16 09:52:25 - [MESSAGE][INFO] -  with case-sensitive: false

2020-09-16 09:52:25 - [MESSAGE][FAILED] - .
Expected: equals to 'https://jira2.codecool.codecanvas.hu/plugins/servlet/project-config/TWT/permissions' with case-sensitive: false.
Actual: https://jira2.codecool.codecanvas.hu/projects/TWT?selectedItem=com.codecanvas.glass:glass]]></system-out>
         <system-err><![CDATA[2020-09-16 09:51:58 - [TEST_CASE][FAILED] - Test Cases/SystemAdminPermissions: Test Cases/SystemAdminPermissions FAILED.
Reason:
com.kms.katalon.core.exception.StepFailedException: .
Expected: equals to 'https://jira2.codecool.codecanvas.hu/plugins/servlet/project-config/TWT/permissions' with case-sensitive: false.
Actual: https://jira2.codecool.codecanvas.hu/projects/TWT?selectedItem=com.codecanvas.glass:glass
	at com.kms.katalon.core.util.KeywordUtil.markFailedAndStop(KeywordUtil.java:28)
	at com.kms.katalon.core.util.KeywordUtil$markFailedAndStop$0.call(Unknown Source)
	at kms.turing.katalon.plugins.assertj.GenericAssert.handleError(GenericAssert.groovy:71)
	at kms.turing.katalon.plugins.assertj.GenericAssert.handleError(GenericAssert.groovy:85)
	at kms.turing.katalon.plugins.assertj.StringAssert.equals(StringAssert.groovy:103)
	at kms.turing.katalon.plugins.assertj.GenericAssert.invokeMethod(GenericAssert.groovy)
	at com.kms.katalon.core.main.CustomKeywordDelegatingMetaClass.invokeStaticMethod(CustomKeywordDelegatingMetaClass.java:50)
	at SystemAdminPermissions.run(SystemAdminPermissions:47)
	at com.kms.katalon.core.main.ScriptEngine.run(ScriptEngine.java:194)
	at com.kms.katalon.core.main.ScriptEngine.runScriptAsRawText(ScriptEngine.java:119)
	at com.kms.katalon.core.main.TestCaseExecutor.runScript(TestCaseExecutor.java:339)
	at com.kms.katalon.core.main.TestCaseExecutor.doExecute(TestCaseExecutor.java:330)
	at com.kms.katalon.core.main.TestCaseExecutor.processExecutionPhase(TestCaseExecutor.java:309)
	at com.kms.katalon.core.main.TestCaseExecutor.accessMainPhase(TestCaseExecutor.java:301)
	at com.kms.katalon.core.main.TestCaseExecutor.execute(TestCaseExecutor.java:235)
	at com.kms.katalon.core.main.TestSuiteExecutor.accessTestCaseMainPhase(TestSuiteExecutor.java:191)
	at com.kms.katalon.core.main.TestSuiteExecutor.accessTestSuiteMainPhase(TestSuiteExecutor.java:141)
	at com.kms.katalon.core.main.TestSuiteExecutor.execute(TestSuiteExecutor.java:90)
	at com.kms.katalon.core.main.TestCaseMain.startTestSuite(TestCaseMain.java:157)
	at com.kms.katalon.core.main.TestCaseMain$startTestSuite$0.call(Unknown Source)
	at TempTestSuite1600242657288.run(TempTestSuite1600242657288.groovy:39)]]></system-err>
      </testcase>
      <testcase name="Test Cases/SystemAdminPermissions" time="26.961" classname="Test Cases/SystemAdminPermissions" status="FAILED">
         <failure type="FAILED" message="Test Cases/SystemAdminPermissions FAILED.
Reason:
com.kms.katalon.core.exception.StepFailedException: .
Expected: equals to 'https://jira2.codecool.codecanvas.hu/plugins/servlet/project-config/TWT/notifications' with case-sensitive: false.
Actual: https://jira2.codecool.codecanvas.hu/projects/TWT?selectedItem=com.codecanvas.glass:glass
	at com.kms.katalon.core.util.KeywordUtil.markFailedAndStop(KeywordUtil.java:28)
	at com.kms.katalon.core.util.KeywordUtil$markFailedAndStop$0.call(Unknown Source)
	at kms.turing.katalon.plugins.assertj.GenericAssert.handleError(GenericAssert.groovy:71)
	at kms.turing.katalon.plugins.assertj.GenericAssert.handleError(GenericAssert.groovy:85)
	at kms.turing.katalon.plugins.assertj.StringAssert.equals(StringAssert.groovy:103)
	at kms.turing.katalon.plugins.assertj.GenericAssert.invokeMethod(GenericAssert.groovy)
	at com.kms.katalon.core.main.CustomKeywordDelegatingMetaClass.invokeStaticMethod(CustomKeywordDelegatingMetaClass.java:50)
	at SystemAdminPermissions.run(SystemAdminPermissions:47)
	at com.kms.katalon.core.main.ScriptEngine.run(ScriptEngine.java:194)
	at com.kms.katalon.core.main.ScriptEngine.runScriptAsRawText(ScriptEngine.java:119)
	at com.kms.katalon.core.main.TestCaseExecutor.runScript(TestCaseExecutor.java:339)
	at com.kms.katalon.core.main.TestCaseExecutor.doExecute(TestCaseExecutor.java:330)
	at com.kms.katalon.core.main.TestCaseExecutor.processExecutionPhase(TestCaseExecutor.java:309)
	at com.kms.katalon.core.main.TestCaseExecutor.accessMainPhase(TestCaseExecutor.java:301)
	at com.kms.katalon.core.main.TestCaseExecutor.execute(TestCaseExecutor.java:235)
	at com.kms.katalon.core.main.TestSuiteExecutor.accessTestCaseMainPhase(TestSuiteExecutor.java:191)
	at com.kms.katalon.core.main.TestSuiteExecutor.accessTestSuiteMainPhase(TestSuiteExecutor.java:141)
	at com.kms.katalon.core.main.TestSuiteExecutor.execute(TestSuiteExecutor.java:90)
	at com.kms.katalon.core.main.TestCaseMain.startTestSuite(TestCaseMain.java:157)
	at com.kms.katalon.core.main.TestCaseMain$startTestSuite$0.call(Unknown Source)
	at TempTestSuite1600242657288.run(TempTestSuite1600242657288.groovy:39)
"/>
         <system-out><![CDATA[2020-09-16 09:52:25 - [TEST_CASE][FAILED] - Test Cases/SystemAdminPermissions: Test Cases/SystemAdminPermissions FAILED.
Reason:
com.kms.katalon.core.exception.StepFailedException: .
Expected: equals to 'https://jira2.codecool.codecanvas.hu/plugins/servlet/project-config/TWT/notifications' with case-sensitive: false.
Actual: https://jira2.codecool.codecanvas.hu/projects/TWT?selectedItem=com.codecanvas.glass:glass
	at com.kms.katalon.core.util.KeywordUtil.markFailedAndStop(KeywordUtil.java:28)
	at com.kms.katalon.core.util.KeywordUtil$markFailedAndStop$0.call(Unknown Source)
	at kms.turing.katalon.plugins.assertj.GenericAssert.handleError(GenericAssert.groovy:71)
	at kms.turing.katalon.plugins.assertj.GenericAssert.handleError(GenericAssert.groovy:85)
	at kms.turing.katalon.plugins.assertj.StringAssert.equals(StringAssert.groovy:103)
	at kms.turing.katalon.plugins.assertj.GenericAssert.invokeMethod(GenericAssert.groovy)
	at com.kms.katalon.core.main.CustomKeywordDelegatingMetaClass.invokeStaticMethod(CustomKeywordDelegatingMetaClass.java:50)
	at SystemAdminPermissions.run(SystemAdminPermissions:47)
	at com.kms.katalon.core.main.ScriptEngine.run(ScriptEngine.java:194)
	at com.kms.katalon.core.main.ScriptEngine.runScriptAsRawText(ScriptEngine.java:119)
	at com.kms.katalon.core.main.TestCaseExecutor.runScript(TestCaseExecutor.java:339)
	at com.kms.katalon.core.main.TestCaseExecutor.doExecute(TestCaseExecutor.java:330)
	at com.kms.katalon.core.main.TestCaseExecutor.processExecutionPhase(TestCaseExecutor.java:309)
	at com.kms.katalon.core.main.TestCaseExecutor.accessMainPhase(TestCaseExecutor.java:301)
	at com.kms.katalon.core.main.TestCaseExecutor.execute(TestCaseExecutor.java:235)
	at com.kms.katalon.core.main.TestSuiteExecutor.accessTestCaseMainPhase(TestSuiteExecutor.java:191)
	at com.kms.katalon.core.main.TestSuiteExecutor.accessTestSuiteMainPhase(TestSuiteExecutor.java:141)
	at com.kms.katalon.core.main.TestSuiteExecutor.execute(TestSuiteExecutor.java:90)
	at com.kms.katalon.core.main.TestCaseMain.startTestSuite(TestCaseMain.java:157)
	at com.kms.katalon.core.main.TestCaseMain$startTestSuite$0.call(Unknown Source)
	at TempTestSuite1600242657288.run(TempTestSuite1600242657288.groovy:39)


2020-09-16 09:52:25 - [TEST_STEP][PASSED] - xpath = "//span[@class='aui-icon aui-icon-small aui-iconfont-sidebar-link glass-middle-position']/ancestor::a[@href='" + root + "']": null

2020-09-16 09:52:25 - [TEST_STEP][PASSED] - tObject = new com.kms.katalon.core.testobject.TestObject(sortCut): null

2020-09-16 09:52:25 - [TEST_STEP][PASSED] - tObject.addProperty("xpath", EQUALS, xpath): null

2020-09-16 09:52:25 - [TEST_STEP][PASSED] - tab = new com.kms.katalon.core.testobject.TestObject(clickableTab): null

2020-09-16 09:52:25 - [TEST_STEP][PASSED] - tab.addProperty("xpath", EQUALS, clickableTab): null

2020-09-16 09:52:25 - [TEST_STEP][PASSED] - topTestKeywords.Login.openBrowser(): topTestKeywords.Login.openBrowser is PASSED

2020-09-16 09:52:25 - [MESSAGE][WARNING] - A browser is already opened. Closing browser and opening a new one

2020-09-16 09:52:25 - [MESSAGE][INFO] - Starting 'Chrome' driver

2020-09-16 09:52:25 - [MESSAGE][INFO] - Action delay is set to 0 milliseconds

2020-09-16 09:52:28 - [MESSAGE][PASSED] - Browser is opened with url: ''

2020-09-16 09:52:31 - [MESSAGE][PASSED] - Current window maximized

2020-09-16 09:52:32 - [MESSAGE][PASSED] - Navigate to 'https://jira2.codecool.codecanvas.hu' successfully

2020-09-16 09:52:32 - [MESSAGE][PASSED] - topTestKeywords.Login.openBrowser is PASSED

2020-09-16 09:52:32 - [TEST_STEP][PASSED] - topTestKeywords.Login.loginAsUser(SystemAdminUsername, SystemAdminPassword): topTestKeywords.Login.loginAsUser is PASSED

2020-09-16 09:52:33 - [MESSAGE][PASSED] - Text 'codecooladmin' is set on object 'Object Repository/Page_System Dashboard - Jira/Username Field'

2020-09-16 09:52:33 - [MESSAGE][PASSED] - Text '2019Aprilis1' is set on object 'Object Repository/Page_System Dashboard - Jira/Password Field'

2020-09-16 09:52:33 - [MESSAGE][PASSED] - Object: 'Object Repository/Page_System Dashboard - Jira/Login Button' is clicked on

2020-09-16 09:52:35 - [MESSAGE][PASSED] - Object 'Object Repository/Page_System Dashboard - Jira/User Avatar' is visible

2020-09-16 09:52:35 - [MESSAGE][PASSED] - topTestKeywords.Login.loginAsUser is PASSED

2020-09-16 09:52:35 - [TEST_STEP][PASSED] - navigateToUrl(BaseURL + "/projects/TWT?selectedItem=com.codecanvas.glass:glass"): Navigate to 'https://jira2.codecool.codecanvas.hu/projects/TWT?selectedItem=com.codecanvas.glass:glass' successfully

2020-09-16 09:52:37 - [MESSAGE][PASSED] - Navigate to 'https://jira2.codecool.codecanvas.hu/projects/TWT?selectedItem=com.codecanvas.glass:glass' successfully

2020-09-16 09:52:37 - [TEST_STEP][PASSED] - waitForElementVisible(tab, 10): Object 'clickableTab' is visible

2020-09-16 09:52:38 - [MESSAGE][PASSED] - Object 'clickableTab' is visible

2020-09-16 09:52:38 - [TEST_STEP][PASSED] - click(tab): Object: 'clickableTab' is clicked on

2020-09-16 09:52:39 - [MESSAGE][PASSED] - Object: 'clickableTab' is clicked on

2020-09-16 09:52:39 - [TEST_STEP][PASSED] - verifyElementPresent(tObject, 10): Object 'sortCut' is present

2020-09-16 09:52:39 - [MESSAGE][PASSED] - Object 'sortCut' is present

2020-09-16 09:52:39 - [TEST_STEP][PASSED] - click(tObject): Object: 'sortCut' is clicked on

2020-09-16 09:52:39 - [MESSAGE][PASSED] - Object: 'sortCut' is clicked on

2020-09-16 09:52:39 - [TEST_STEP][PASSED] - waitForElementVisible(findTestObject("Object Repository/Project settings/Project Settings Title"), 10): Web element with id: 'Object Repository/Project settings/Project Settings Title' located by '//h1[@id='project-config-header-name']' not found

2020-09-16 09:52:51 - [MESSAGE][INFO] - Unable to find the element located by 'By.xpath: //h1[@id='project-config-header-name']'. Please recheck the objects properties to make sure the desired element is located. 

2020-09-16 09:52:51 - [MESSAGE][WARNING] - Web element with id: 'Object Repository/Project settings/Project Settings Title' located by '//h1[@id='project-config-header-name']' not found

2020-09-16 09:52:51 - [TEST_STEP][FAILED] - kms.turing.katalon.plugins.assertj.StringAssert.equals(getUrl(), expectedUrl, false, "", STOP_ON_FAILURE): .
Expected: equals to 'https://jira2.codecool.codecanvas.hu/plugins/servlet/project-config/TWT/notifications' with case-sensitive: false.
Actual: https://jira2.codecool.codecanvas.hu/projects/TWT?selectedItem=com.codecanvas.glass:glass

2020-09-16 09:52:52 - [MESSAGE][PASSED] - Current window's url is: 'https://jira2.codecool.codecanvas.hu/projects/TWT?selectedItem=com.codecanvas.glass:glass'

2020-09-16 09:52:52 - [MESSAGE][INFO] -  with case-sensitive: false

2020-09-16 09:52:52 - [MESSAGE][FAILED] - .
Expected: equals to 'https://jira2.codecool.codecanvas.hu/plugins/servlet/project-config/TWT/notifications' with case-sensitive: false.
Actual: https://jira2.codecool.codecanvas.hu/projects/TWT?selectedItem=com.codecanvas.glass:glass]]></system-out>
         <system-err><![CDATA[2020-09-16 09:52:25 - [TEST_CASE][FAILED] - Test Cases/SystemAdminPermissions: Test Cases/SystemAdminPermissions FAILED.
Reason:
com.kms.katalon.core.exception.StepFailedException: .
Expected: equals to 'https://jira2.codecool.codecanvas.hu/plugins/servlet/project-config/TWT/notifications' with case-sensitive: false.
Actual: https://jira2.codecool.codecanvas.hu/projects/TWT?selectedItem=com.codecanvas.glass:glass
	at com.kms.katalon.core.util.KeywordUtil.markFailedAndStop(KeywordUtil.java:28)
	at com.kms.katalon.core.util.KeywordUtil$markFailedAndStop$0.call(Unknown Source)
	at kms.turing.katalon.plugins.assertj.GenericAssert.handleError(GenericAssert.groovy:71)
	at kms.turing.katalon.plugins.assertj.GenericAssert.handleError(GenericAssert.groovy:85)
	at kms.turing.katalon.plugins.assertj.StringAssert.equals(StringAssert.groovy:103)
	at kms.turing.katalon.plugins.assertj.GenericAssert.invokeMethod(GenericAssert.groovy)
	at com.kms.katalon.core.main.CustomKeywordDelegatingMetaClass.invokeStaticMethod(CustomKeywordDelegatingMetaClass.java:50)
	at SystemAdminPermissions.run(SystemAdminPermissions:47)
	at com.kms.katalon.core.main.ScriptEngine.run(ScriptEngine.java:194)
	at com.kms.katalon.core.main.ScriptEngine.runScriptAsRawText(ScriptEngine.java:119)
	at com.kms.katalon.core.main.TestCaseExecutor.runScript(TestCaseExecutor.java:339)
	at com.kms.katalon.core.main.TestCaseExecutor.doExecute(TestCaseExecutor.java:330)
	at com.kms.katalon.core.main.TestCaseExecutor.processExecutionPhase(TestCaseExecutor.java:309)
	at com.kms.katalon.core.main.TestCaseExecutor.accessMainPhase(TestCaseExecutor.java:301)
	at com.kms.katalon.core.main.TestCaseExecutor.execute(TestCaseExecutor.java:235)
	at com.kms.katalon.core.main.TestSuiteExecutor.accessTestCaseMainPhase(TestSuiteExecutor.java:191)
	at com.kms.katalon.core.main.TestSuiteExecutor.accessTestSuiteMainPhase(TestSuiteExecutor.java:141)
	at com.kms.katalon.core.main.TestSuiteExecutor.execute(TestSuiteExecutor.java:90)
	at com.kms.katalon.core.main.TestCaseMain.startTestSuite(TestCaseMain.java:157)
	at com.kms.katalon.core.main.TestCaseMain$startTestSuite$0.call(Unknown Source)
	at TempTestSuite1600242657288.run(TempTestSuite1600242657288.groovy:39)]]></system-err>
      </testcase>
      <system-out><![CDATA[2020-09-16 09:50:59 - [TEST_SUITE][FAILED] - short link tests: Test Cases/SystemAdminPermissions FAILED.
Reason:
com.kms.katalon.core.exception.StepFailedException: .
Expected: equals to 'https://jira2.codecool.codecanvas.hu/secure/project/EditProject!default.jspa?pid=10112' with case-sensitive: false.
Actual: https://jira2.codecool.codecanvas.hu/projects/TWT?selectedItem=com.codecanvas.glass:glass
	at com.kms.katalon.core.util.KeywordUtil.markFailedAndStop(KeywordUtil.java:28)
	at com.kms.katalon.core.util.KeywordUtil$markFailedAndStop$0.call(Unknown Source)
	at kms.turing.katalon.plugins.assertj.GenericAssert.handleError(GenericAssert.groovy:71)
	at kms.turing.katalon.plugins.assertj.GenericAssert.handleError(GenericAssert.groovy:85)
	at kms.turing.katalon.plugins.assertj.StringAssert.equals(StringAssert.groovy:103)
	at kms.turing.katalon.plugins.assertj.GenericAssert.invokeMethod(GenericAssert.groovy)
	at com.kms.katalon.core.main.CustomKeywordDelegatingMetaClass.invokeStaticMethod(CustomKeywordDelegatingMetaClass.java:50)
	at SystemAdminPermissions.run(SystemAdminPermissions:47)
	at com.kms.katalon.core.main.ScriptEngine.run(ScriptEngine.java:194)
	at com.kms.katalon.core.main.ScriptEngine.runScriptAsRawText(ScriptEngine.java:119)
	at com.kms.katalon.core.main.TestCaseExecutor.runScript(TestCaseExecutor.java:339)
	at com.kms.katalon.core.main.TestCaseExecutor.doExecute(TestCaseExecutor.java:330)
	at com.kms.katalon.core.main.TestCaseExecutor.processExecutionPhase(TestCaseExecutor.java:309)
	at com.kms.katalon.core.main.TestCaseExecutor.accessMainPhase(TestCaseExecutor.java:301)
	at com.kms.katalon.core.main.TestCaseExecutor.execute(TestCaseExecutor.java:235)
	at com.kms.katalon.core.main.TestSuiteExecutor.accessTestCaseMainPhase(TestSuiteExecutor.java:191)
	at com.kms.katalon.core.main.TestSuiteExecutor.accessTestSuiteMainPhase(TestSuiteExecutor.java:141)
	at com.kms.katalon.core.main.TestSuiteExecutor.execute(TestSuiteExecutor.java:90)
	at com.kms.katalon.core.main.TestCaseMain.startTestSuite(TestCaseMain.java:157)
	at com.kms.katalon.core.main.TestCaseMain$startTestSuite$0.call(Unknown Source)
	at TempTestSuite1600242657288.run(TempTestSuite1600242657288.groovy:39)]]></system-out>
      <system-err><![CDATA[2020-09-16 09:50:59 - [TEST_SUITE][FAILED] - short link tests: Test Cases/SystemAdminPermissions FAILED.
Reason:
com.kms.katalon.core.exception.StepFailedException: .
Expected: equals to 'https://jira2.codecool.codecanvas.hu/secure/project/EditProject!default.jspa?pid=10112' with case-sensitive: false.
Actual: https://jira2.codecool.codecanvas.hu/projects/TWT?selectedItem=com.codecanvas.glass:glass
	at com.kms.katalon.core.util.KeywordUtil.markFailedAndStop(KeywordUtil.java:28)
	at com.kms.katalon.core.util.KeywordUtil$markFailedAndStop$0.call(Unknown Source)
	at kms.turing.katalon.plugins.assertj.GenericAssert.handleError(GenericAssert.groovy:71)
	at kms.turing.katalon.plugins.assertj.GenericAssert.handleError(GenericAssert.groovy:85)
	at kms.turing.katalon.plugins.assertj.StringAssert.equals(StringAssert.groovy:103)
	at kms.turing.katalon.plugins.assertj.GenericAssert.invokeMethod(GenericAssert.groovy)
	at com.kms.katalon.core.main.CustomKeywordDelegatingMetaClass.invokeStaticMethod(CustomKeywordDelegatingMetaClass.java:50)
	at SystemAdminPermissions.run(SystemAdminPermissions:47)
	at com.kms.katalon.core.main.ScriptEngine.run(ScriptEngine.java:194)
	at com.kms.katalon.core.main.ScriptEngine.runScriptAsRawText(ScriptEngine.java:119)
	at com.kms.katalon.core.main.TestCaseExecutor.runScript(TestCaseExecutor.java:339)
	at com.kms.katalon.core.main.TestCaseExecutor.doExecute(TestCaseExecutor.java:330)
	at com.kms.katalon.core.main.TestCaseExecutor.processExecutionPhase(TestCaseExecutor.java:309)
	at com.kms.katalon.core.main.TestCaseExecutor.accessMainPhase(TestCaseExecutor.java:301)
	at com.kms.katalon.core.main.TestCaseExecutor.execute(TestCaseExecutor.java:235)
	at com.kms.katalon.core.main.TestSuiteExecutor.accessTestCaseMainPhase(TestSuiteExecutor.java:191)
	at com.kms.katalon.core.main.TestSuiteExecutor.accessTestSuiteMainPhase(TestSuiteExecutor.java:141)
	at com.kms.katalon.core.main.TestSuiteExecutor.execute(TestSuiteExecutor.java:90)
	at com.kms.katalon.core.main.TestCaseMain.startTestSuite(TestCaseMain.java:157)
	at com.kms.katalon.core.main.TestCaseMain$startTestSuite$0.call(Unknown Source)
	at TempTestSuite1600242657288.run(TempTestSuite1600242657288.groovy:39)]]></system-err>
   </testsuite>
</testsuites>
